mode: atomic
ai-gateway-ce/cmd/gateway/main.go:30.57,36.16 4 0
ai-gateway-ce/cmd/gateway/main.go:36.16,38.3 1 0
ai-gateway-ce/cmd/gateway/main.go:41.2,41.40 1 0
ai-gateway-ce/cmd/gateway/main.go:41.40,43.3 1 0
ai-gateway-ce/cmd/gateway/main.go:46.2,46.25 1 0
ai-gateway-ce/cmd/gateway/main.go:53.55,55.16 2 0
ai-gateway-ce/cmd/gateway/main.go:55.16,57.3 1 0
ai-gateway-ce/cmd/gateway/main.go:58.2,59.12 2 0
ai-gateway-ce/cmd/gateway/main.go:63.47,65.2 1 0
ai-gateway-ce/cmd/gateway/main.go:67.13,79.39 3 0
ai-gateway-ce/cmd/gateway/main.go:79.39,81.3 1 0
ai-gateway-ce/cmd/gateway/main.go:84.2,85.22 2 0
ai-gateway-ce/cmd/gateway/main.go:85.22,87.3 1 0
ai-gateway-ce/cmd/gateway/main.go:90.2,91.27 2 0
ai-gateway-ce/cmd/gateway/main.go:91.27,93.3 1 0
ai-gateway-ce/cmd/gateway/main.go:93.8,95.3 1 0
ai-gateway-ce/cmd/gateway/main.go:98.2,99.42 2 0
ai-gateway-ce/cmd/gateway/main.go:99.42,101.3 1 0
ai-gateway-ce/cmd/gateway/main.go:104.2,104.50 1 0
ai-gateway-ce/cmd/gateway/main.go:104.50,106.3 1 0
ai-gateway-ce/cmd/gateway/main.go:109.2,110.16 2 0
ai-gateway-ce/cmd/gateway/main.go:110.16,112.3 1 0
ai-gateway-ce/cmd/gateway/main.go:113.2,129.39 6 0
ai-gateway-ce/cmd/gateway/main.go:129.39,131.3 1 0
ai-gateway-ce/cmd/gateway/main.go:134.2,134.38 1 0
ai-gateway-ce/cmd/gateway/main.go:134.38,136.3 1 0
ai-gateway-ce/cmd/gateway/main.go:137.2,148.16 3 0
ai-gateway-ce/cmd/gateway/main.go:148.16,150.3 1 0
ai-gateway-ce/cmd/gateway/main.go:151.2,161.16 4 0
ai-gateway-ce/cmd/gateway/main.go:161.16,163.3 1 0
ai-gateway-ce/cmd/gateway/main.go:166.2,169.20 3 0
ai-gateway-ce/cmd/gateway/main.go:170.15,171.64 1 0
ai-gateway-ce/cmd/gateway/main.go:172.15,179.4 1 0
ai-gateway-ce/cmd/gateway/main.go:180.10,181.55 1 0
ai-gateway-ce/cmd/gateway/main.go:184.2,184.34 1 0
ai-gateway-ce/cmd/gateway/main.go:184.34,186.3 1 0
ai-gateway-ce/internal/middleware/auth.go:21.90,26.2 1 0
ai-gateway-ce/internal/middleware/auth.go:28.59,29.30 1 0
ai-gateway-ce/internal/middleware/auth.go:29.30,31.52 1 0
ai-gateway-ce/internal/middleware/auth.go:31.52,34.4 2 0
ai-gateway-ce/internal/middleware/auth.go:37.3,38.19 2 0
ai-gateway-ce/internal/middleware/auth.go:38.19,40.48 2 0
ai-gateway-ce/internal/middleware/auth.go:40.48,42.5 1 0
ai-gateway-ce/internal/middleware/auth.go:45.3,45.19 1 0
ai-gateway-ce/internal/middleware/auth.go:45.19,50.4 4 0
ai-gateway-ce/internal/middleware/auth.go:53.3,54.17 2 0
ai-gateway-ce/internal/middleware/auth.go:54.17,57.4 2 0
ai-gateway-ce/internal/middleware/auth.go:60.3,61.17 2 0
ai-gateway-ce/internal/middleware/auth.go:61.17,66.4 4 0
ai-gateway-ce/internal/middleware/auth.go:68.3,68.13 1 0
ai-gateway-ce/internal/middleware/auth.go:68.13,73.4 4 0
ai-gateway-ce/internal/middleware/auth.go:76.3,94.11 7 0
ai-gateway-ce/internal/middleware/auth.go:99.78,101.18 2 0
ai-gateway-ce/internal/middleware/auth.go:101.18,104.3 2 0
ai-gateway-ce/internal/middleware/auth.go:105.2,106.9 2 0
ai-gateway-ce/internal/middleware/auth.go:106.9,109.3 2 0
ai-gateway-ce/internal/middleware/auth.go:110.2,110.20 1 0
ai-gateway-ce/internal/middleware/gateway.go:23.135,30.2 1 0
ai-gateway-ce/internal/middleware/gateway.go:32.63,33.30 1 0
ai-gateway-ce/internal/middleware/gateway.go:33.30,36.17 2 0
ai-gateway-ce/internal/middleware/gateway.go:36.17,38.4 1 0
ai-gateway-ce/internal/middleware/gateway.go:40.3,49.52 2 0
ai-gateway-ce/internal/middleware/gateway.go:49.52,52.4 2 0
ai-gateway-ce/internal/middleware/gateway.go:54.3,54.17 1 0
ai-gateway-ce/internal/middleware/gateway.go:54.17,59.4 4 0
ai-gateway-ce/internal/middleware/gateway.go:61.3,62.22 2 0
ai-gateway-ce/internal/middleware/gateway.go:62.22,71.4 4 0
ai-gateway-ce/internal/middleware/gateway.go:73.3,82.17 4 0
ai-gateway-ce/internal/middleware/gateway.go:82.17,83.35 1 0
ai-gateway-ce/internal/middleware/gateway.go:83.35,86.19 2 0
ai-gateway-ce/internal/middleware/gateway.go:86.19,94.6 4 0
ai-gateway-ce/internal/middleware/gateway.go:96.5,98.91 2 0
ai-gateway-ce/internal/middleware/gateway.go:98.91,100.6 1 0
ai-gateway-ce/internal/middleware/gateway.go:101.10,106.5 4 0
ai-gateway-ce/internal/middleware/gateway.go:110.3,120.11 5 0
ai-gateway-ce/internal/middleware/gateway.go:124.66,138.38 5 0
ai-gateway-ce/internal/middleware/gateway.go:138.38,139.44 1 0
ai-gateway-ce/internal/middleware/gateway.go:139.44,142.4 1 0
ai-gateway-ce/internal/middleware/gateway.go:142.9,149.4 2 0
ai-gateway-ce/internal/middleware/gateway.go:153.2,158.21 3 0
ai-gateway-ce/internal/middleware/gateway.go:158.21,164.3 2 0
ai-gateway-ce/internal/middleware/gateway.go:166.2,172.18 2 0
ai-gateway-ce/internal/utils/utils.go:9.30,11.44 2 0
ai-gateway-ce/internal/utils/utils.go:11.44,12.13 1 0
ai-gateway-ce/internal/utils/utils.go:14.2,14.72 1 0
ai-gateway-ce/pkg/common/common_types.go:46.43,51.2 1 0
ai-gateway-ce/pkg/common/common_types.go:54.54,59.50 4 0
ai-gateway-ce/pkg/common/common_types.go:59.50,62.3 2 0
ai-gateway-ce/pkg/common/common_types.go:63.2,63.26 1 0
ai-gateway-ce/pkg/common/common_types.go:67.53,75.2 3 0
ai-gateway-ce/pkg/common/common_types.go:78.37,82.2 3 0
ai-gateway-ce/pkg/common/common_types.go:100.74,101.45 1 0
ai-gateway-ce/pkg/common/common_types.go:101.45,103.10 2 0
ai-gateway-ce/pkg/common/common_types.go:103.10,105.4 1 0
ai-gateway-ce/pkg/common/common_types.go:106.3,106.18 1 0
ai-gateway-ce/pkg/common/common_types.go:108.2,108.45 1 0
ai-gateway-ce/pkg/common/common_types.go:112.104,113.77 1 0
ai-gateway-ce/pkg/common/common_types.go:113.77,115.3 1 0
ai-gateway-ce/pkg/common/common_types.go:116.2,117.12 2 0
ai-gateway-ce/pkg/common/common_types.go:121.44,123.2 1 0
ai-gateway-ce/pkg/common/common_types.go:126.47,132.2 1 0
ai-gateway-ce/pkg/loadbalancer/strategies/least_connections.go:13.76,17.2 1 0
ai-gateway-ce/pkg/loadbalancer/strategies/least_connections.go:19.58,23.26 3 0
ai-gateway-ce/pkg/loadbalancer/strategies/least_connections.go:23.26,25.3 1 0
ai-gateway-ce/pkg/loadbalancer/strategies/least_connections.go:28.2,30.17 3 0
ai-gateway-ce/pkg/loadbalancer/strategies/least_connections.go:33.43,35.2 1 0
ai-gateway-ce/pkg/loadbalancer/strategies/random.go:15.56,19.2 1 0
ai-gateway-ce/pkg/loadbalancer/strategies/random.go:21.47,25.25 3 0
ai-gateway-ce/pkg/loadbalancer/strategies/random.go:25.25,27.3 1 0
ai-gateway-ce/pkg/loadbalancer/strategies/random.go:29.2,30.16 2 0
ai-gateway-ce/pkg/loadbalancer/strategies/random.go:30.16,32.3 1 0
ai-gateway-ce/pkg/loadbalancer/strategies/random.go:33.2,33.30 1 0
ai-gateway-ce/pkg/loadbalancer/strategies/random.go:36.32,38.2 1 0
ai-gateway-ce/pkg/loadbalancer/strategies/round_robin.go:15.64,19.2 1 0
ai-gateway-ce/pkg/loadbalancer/strategies/round_robin.go:21.52,25.26 3 0
ai-gateway-ce/pkg/loadbalancer/strategies/round_robin.go:25.26,27.3 1 0
ai-gateway-ce/pkg/loadbalancer/strategies/round_robin.go:29.2,31.15 3 0
ai-gateway-ce/pkg/loadbalancer/strategies/round_robin.go:34.37,36.2 1 0
ai-gateway-ce/pkg/loadbalancer/strategies/weighted_round_robin.go:16.80,18.33 2 0
ai-gateway-ce/pkg/loadbalancer/strategies/weighted_round_robin.go:18.33,19.32 1 0
ai-gateway-ce/pkg/loadbalancer/strategies/weighted_round_robin.go:19.32,21.4 1 0
ai-gateway-ce/pkg/loadbalancer/strategies/weighted_round_robin.go:24.2,27.3 1 0
ai-gateway-ce/pkg/loadbalancer/strategies/weighted_round_robin.go:30.61,34.27 3 0
ai-gateway-ce/pkg/loadbalancer/strategies/weighted_round_robin.go:34.27,36.3 1 0
ai-gateway-ce/pkg/loadbalancer/strategies/weighted_round_robin.go:38.2,38.6 1 0
ai-gateway-ce/pkg/loadbalancer/strategies/weighted_round_robin.go:38.6,40.28 2 0
ai-gateway-ce/pkg/loadbalancer/strategies/weighted_round_robin.go:40.28,42.30 2 0
ai-gateway-ce/pkg/loadbalancer/strategies/weighted_round_robin.go:42.30,44.31 2 0
ai-gateway-ce/pkg/loadbalancer/strategies/weighted_round_robin.go:44.31,46.6 1 0
ai-gateway-ce/pkg/loadbalancer/strategies/weighted_round_robin.go:50.3,50.64 1 0
ai-gateway-ce/pkg/loadbalancer/strategies/weighted_round_robin.go:50.64,52.4 1 0
ai-gateway-ce/pkg/loadbalancer/strategies/weighted_round_robin.go:56.46,58.2 1 0
ai-gateway-ce/pkg/loadbalancer/base_factory.go:12.31,14.2 1 0
ai-gateway-ce/pkg/loadbalancer/base_factory.go:16.106,17.19 1 0
ai-gateway-ce/pkg/loadbalancer/base_factory.go:18.21,19.48 1 0
ai-gateway-ce/pkg/loadbalancer/base_factory.go:20.16,21.44 1 0
ai-gateway-ce/pkg/loadbalancer/base_factory.go:22.30,23.56 1 0
ai-gateway-ce/pkg/loadbalancer/base_factory.go:24.27,25.54 1 0
ai-gateway-ce/pkg/loadbalancer/base_factory.go:26.10,27.80 1 0
ai-gateway-ce/pkg/loadbalancer/load_balancer.go:35.115,38.37 2 0
ai-gateway-ce/pkg/loadbalancer/load_balancer.go:38.37,40.64 2 0
ai-gateway-ce/pkg/loadbalancer/load_balancer.go:40.64,41.60 1 0
ai-gateway-ce/pkg/loadbalancer/load_balancer.go:41.60,43.5 1 0
ai-gateway-ce/pkg/loadbalancer/load_balancer.go:47.3,54.64 3 0
ai-gateway-ce/pkg/loadbalancer/load_balancer.go:54.64,55.94 1 0
ai-gateway-ce/pkg/loadbalancer/load_balancer.go:55.94,57.5 1 0
ai-gateway-ce/pkg/loadbalancer/load_balancer.go:60.3,74.4 1 0
ai-gateway-ce/pkg/loadbalancer/load_balancer.go:78.2,82.16 3 0
ai-gateway-ce/pkg/loadbalancer/load_balancer.go:82.16,84.3 1 0
ai-gateway-ce/pkg/loadbalancer/load_balancer.go:86.2,93.8 1 0
ai-gateway-ce/pkg/loadbalancer/load_balancer.go:96.88,101.19 4 0
ai-gateway-ce/pkg/loadbalancer/load_balancer.go:101.19,103.3 1 0
ai-gateway-ce/pkg/loadbalancer/load_balancer.go:106.2,107.34 2 0
ai-gateway-ce/pkg/loadbalancer/load_balancer.go:107.34,109.3 1 0
ai-gateway-ce/pkg/loadbalancer/load_balancer.go:112.2,112.31 1 0
ai-gateway-ce/pkg/loadbalancer/load_balancer.go:116.99,117.74 1 0
ai-gateway-ce/pkg/loadbalancer/load_balancer.go:117.74,119.3 1 0
ai-gateway-ce/pkg/loadbalancer/load_balancer.go:121.2,124.14 3 0
ai-gateway-ce/pkg/loadbalancer/load_balancer.go:124.14,127.44 2 0
ai-gateway-ce/pkg/loadbalancer/load_balancer.go:127.44,130.4 1 0
ai-gateway-ce/pkg/loadbalancer/load_balancer.go:132.3,132.60 1 0
ai-gateway-ce/pkg/loadbalancer/load_balancer.go:132.60,140.18 3 0
ai-gateway-ce/pkg/loadbalancer/load_balancer.go:140.18,143.5 2 0
ai-gateway-ce/pkg/loadbalancer/load_balancer.go:144.4,144.97 1 0
ai-gateway-ce/pkg/loadbalancer/load_balancer.go:144.97,146.5 1 0
ai-gateway-ce/pkg/loadbalancer/load_balancer.go:148.8,149.76 1 0
ai-gateway-ce/pkg/loadbalancer/load_balancer.go:149.76,151.4 1 0
ai-gateway-ce/pkg/loadbalancer/load_balancer.go:153.3,160.17 3 0
ai-gateway-ce/pkg/loadbalancer/load_balancer.go:160.17,163.4 2 0
ai-gateway-ce/pkg/loadbalancer/load_balancer.go:164.3,164.96 1 0
ai-gateway-ce/pkg/loadbalancer/load_balancer.go:164.96,166.4 1 0
ai-gateway-ce/pkg/loadbalancer/load_balancer.go:170.69,172.2 1 0
ai-gateway-ce/pkg/loadbalancer/load_balancer.go:174.80,176.2 1 0
ai-gateway-ce/pkg/loadbalancer/load_balancer.go:179.108,182.16 3 0
ai-gateway-ce/pkg/loadbalancer/load_balancer.go:182.16,184.3 1 0
ai-gateway-ce/pkg/loadbalancer/load_balancer.go:186.2,187.61 2 0
ai-gateway-ce/pkg/loadbalancer/load_balancer.go:187.61,189.3 1 0
ai-gateway-ce/pkg/loadbalancer/load_balancer.go:191.2,191.21 1 0
ai-gateway-ce/pkg/loadbalancer/load_balancer.go:194.92,196.19 2 0
ai-gateway-ce/pkg/loadbalancer/load_balancer.go:196.19,202.3 2 0
ai-gateway-ce/pkg/loadbalancer/load_balancer.go:203.2,203.61 1 0
ai-gateway-ce/pkg/database/database.go:28.38,33.16 3 0
ai-gateway-ce/pkg/database/database.go:33.16,35.3 1 0
ai-gateway-ce/pkg/database/database.go:38.2,44.16 1 0
ai-gateway-ce/pkg/database/database.go:44.16,46.3 1 0
ai-gateway-ce/pkg/database/database.go:48.2,48.29 1 0
ai-gateway-ce/pkg/database/database.go:52.29,54.16 2 0
ai-gateway-ce/pkg/database/database.go:54.16,56.3 1 0
ai-gateway-ce/pkg/database/database.go:57.2,57.22 1 0
ai-gateway-ce/pkg/database/models.go:15.52,16.14 1 0
ai-gateway-ce/pkg/database/models.go:16.14,18.3 1 0
ai-gateway-ce/pkg/database/models.go:19.2,19.24 1 0
ai-gateway-ce/pkg/database/models.go:22.53,23.18 1 0
ai-gateway-ce/pkg/database/models.go:23.18,26.3 2 0
ai-gateway-ce/pkg/database/models.go:28.2,29.27 2 0
ai-gateway-ce/pkg/database/models.go:30.14,31.11 1 0
ai-gateway-ce/pkg/database/models.go:32.14,33.19 1 0
ai-gateway-ce/pkg/database/models.go:34.10,35.51 1 0
ai-gateway-ce/pkg/database/models.go:38.2,38.32 1 0
ai-gateway-ce/pkg/database/models.go:44.48,45.14 1 0
ai-gateway-ce/pkg/database/models.go:45.14,47.3 1 0
ai-gateway-ce/pkg/database/models.go:48.2,48.28 1 0
ai-gateway-ce/pkg/database/models.go:48.28,50.3 1 0
ai-gateway-ce/pkg/database/models.go:51.2,51.23 1 0
ai-gateway-ce/pkg/database/models.go:54.49,55.18 1 0
ai-gateway-ce/pkg/database/models.go:55.18,58.3 2 0
ai-gateway-ce/pkg/database/models.go:60.2,61.27 2 0
ai-gateway-ce/pkg/database/models.go:62.14,63.11 1 0
ai-gateway-ce/pkg/database/models.go:64.14,65.19 1 0
ai-gateway-ce/pkg/database/models.go:66.10,67.51 1 0
ai-gateway-ce/pkg/database/models.go:71.2,72.20 2 0
ai-gateway-ce/pkg/database/models.go:72.20,75.3 2 0
ai-gateway-ce/pkg/database/models.go:77.2,77.23 1 0
ai-gateway-ce/pkg/database/models.go:77.23,80.3 2 0
ai-gateway-ce/pkg/database/models.go:82.2,83.12 2 0
ai-gateway-ce/pkg/database/models.go:87.77,88.17 1 0
ai-gateway-ce/pkg/database/models.go:88.17,90.3 1 0
ai-gateway-ce/pkg/database/models.go:93.2,93.28 1 0
ai-gateway-ce/pkg/database/models.go:93.28,95.3 1 0
ai-gateway-ce/pkg/database/models.go:97.2,98.68 2 0
ai-gateway-ce/pkg/database/models.go:98.68,100.3 1 0
ai-gateway-ce/pkg/database/models.go:103.2,104.35 2 0
ai-gateway-ce/pkg/database/models.go:104.35,105.17 1 0
ai-gateway-ce/pkg/database/models.go:105.17,106.12 1 0
ai-gateway-ce/pkg/database/models.go:109.3,109.24 1 0
ai-gateway-ce/pkg/database/models.go:109.24,111.4 1 0
ai-gateway-ce/pkg/database/models.go:112.3,112.29 1 0
ai-gateway-ce/pkg/database/models.go:112.29,114.4 1 0
ai-gateway-ce/pkg/database/models.go:115.3,115.30 1 0
ai-gateway-ce/pkg/database/models.go:118.2,118.26 1 0
ai-gateway-ce/pkg/database/models.go:121.81,122.14 1 0
ai-gateway-ce/pkg/database/models.go:122.14,124.3 1 0
ai-gateway-ce/pkg/database/models.go:127.2,128.30 2 0
ai-gateway-ce/pkg/database/models.go:128.30,129.17 1 0
ai-gateway-ce/pkg/database/models.go:129.17,130.12 1 0
ai-gateway-ce/pkg/database/models.go:132.3,132.24 1 0
ai-gateway-ce/pkg/database/models.go:132.24,134.4 1 0
ai-gateway-ce/pkg/database/models.go:135.3,135.29 1 0
ai-gateway-ce/pkg/database/models.go:135.29,137.4 1 0
ai-gateway-ce/pkg/database/models.go:138.3,138.26 1 0
ai-gateway-ce/pkg/database/models.go:141.2,142.16 2 0
ai-gateway-ce/pkg/database/models.go:142.16,144.3 1 0
ai-gateway-ce/pkg/database/models.go:145.2,145.27 1 0
ai-gateway-ce/pkg/database/models.go:151.50,152.14 1 0
ai-gateway-ce/pkg/database/models.go:152.14,154.3 1 0
ai-gateway-ce/pkg/database/models.go:155.2,155.23 1 0
ai-gateway-ce/pkg/database/models.go:158.51,159.18 1 0
ai-gateway-ce/pkg/database/models.go:159.18,162.3 2 0
ai-gateway-ce/pkg/database/models.go:164.2,165.27 2 0
ai-gateway-ce/pkg/database/models.go:166.14,167.11 1 0
ai-gateway-ce/pkg/database/models.go:168.14,169.19 1 0
ai-gateway-ce/pkg/database/models.go:170.10,171.51 1 0
ai-gateway-ce/pkg/database/models.go:174.2,175.12 2 0
ai-gateway-ce/pkg/database/repository.go:25.92,31.2 1 0
ai-gateway-ce/pkg/database/repository.go:34.67,43.25 3 0
ai-gateway-ce/pkg/database/repository.go:43.25,46.3 2 0
ai-gateway-ce/pkg/database/repository.go:49.2,49.15 1 0
ai-gateway-ce/pkg/database/repository.go:49.15,52.17 3 0
ai-gateway-ce/pkg/database/repository.go:52.17,54.4 1 0
ai-gateway-ce/pkg/database/repository.go:54.9,55.100 1 0
ai-gateway-ce/pkg/database/repository.go:55.100,57.5 1 0
ai-gateway-ce/pkg/database/repository.go:61.2,61.18 1 0
ai-gateway-ce/pkg/database/repository.go:65.71,70.16 3 0
ai-gateway-ce/pkg/database/repository.go:70.16,72.76 2 0
ai-gateway-ce/pkg/database/repository.go:72.76,74.4 1 0
ai-gateway-ce/pkg/database/repository.go:78.2,78.43 1 0
ai-gateway-ce/pkg/database/repository.go:82.88,86.2 2 0
ai-gateway-ce/pkg/database/repository.go:88.90,90.65 2 0
ai-gateway-ce/pkg/database/repository.go:90.65,92.3 1 0
ai-gateway-ce/pkg/database/repository.go:93.2,93.36 1 0
ai-gateway-ce/pkg/database/repository.go:93.36,95.3 1 0
ai-gateway-ce/pkg/database/repository.go:96.2,96.22 1 0
ai-gateway-ce/pkg/database/repository.go:99.108,102.16 3 0
ai-gateway-ce/pkg/database/repository.go:102.16,104.3 1 0
ai-gateway-ce/pkg/database/repository.go:106.2,106.36 1 0
ai-gateway-ce/pkg/database/repository.go:106.36,108.3 1 0
ai-gateway-ce/pkg/database/repository.go:110.2,110.22 1 0
ai-gateway-ce/pkg/database/repository.go:113.101,121.26 3 0
ai-gateway-ce/pkg/database/repository.go:121.26,122.41 1 0
ai-gateway-ce/pkg/database/repository.go:122.41,124.4 1 0
ai-gateway-ce/pkg/database/repository.go:127.2,127.22 1 0
ai-gateway-ce/pkg/database/repository.go:130.88,131.36 1 0
ai-gateway-ce/pkg/database/repository.go:131.36,133.3 1 0
ai-gateway-ce/pkg/database/repository.go:134.2,134.33 1 0
ai-gateway-ce/pkg/database/repository.go:137.53,140.21 2 0
ai-gateway-ce/pkg/database/repository.go:140.21,142.3 1 0
ai-gateway-ce/pkg/database/repository.go:145.2,145.94 1 0
ai-gateway-ce/pkg/database/repository.go:145.94,148.3 2 0
ai-gateway-ce/pkg/database/repository.go:151.2,151.65 1 0
ai-gateway-ce/pkg/database/repository.go:151.65,154.3 2 0
ai-gateway-ce/pkg/database/repository.go:157.2,157.42 1 0
ai-gateway-ce/pkg/database/repository.go:157.42,159.3 1 0
ai-gateway-ce/pkg/database/repository.go:161.2,161.12 1 0
ai-gateway-ce/pkg/database/repository.go:165.89,168.21 2 0
ai-gateway-ce/pkg/database/repository.go:168.21,170.3 1 0
ai-gateway-ce/pkg/database/repository.go:173.2,173.46 1 0
ai-gateway-ce/pkg/database/repository.go:173.46,176.3 2 0
ai-gateway-ce/pkg/database/repository.go:179.2,180.86 2 0
ai-gateway-ce/pkg/database/repository.go:180.86,183.3 2 0
ai-gateway-ce/pkg/database/repository.go:186.2,186.42 1 0
ai-gateway-ce/pkg/database/repository.go:186.42,188.3 1 0
ai-gateway-ce/pkg/database/repository.go:191.2,191.71 1 0
ai-gateway-ce/pkg/database/repository.go:191.71,194.3 1 0
ai-gateway-ce/pkg/database/repository.go:196.2,196.12 1 0
ai-gateway-ce/pkg/database/repository.go:199.112,202.16 3 0
ai-gateway-ce/pkg/database/repository.go:202.16,204.3 1 0
ai-gateway-ce/pkg/database/repository.go:205.2,205.19 1 0
ai-gateway-ce/pkg/database/repository.go:208.104,212.16 3 0
ai-gateway-ce/pkg/database/repository.go:212.16,214.70 2 0
ai-gateway-ce/pkg/database/repository.go:214.70,217.37 2 0
ai-gateway-ce/pkg/database/repository.go:217.37,233.74 2 0
ai-gateway-ce/pkg/database/repository.go:233.74,235.6 1 0
ai-gateway-ce/pkg/database/repository.go:236.5,236.74 1 0
ai-gateway-ce/pkg/database/repository.go:236.74,238.6 1 0
ai-gateway-ce/pkg/database/repository.go:240.4,240.21 1 0
ai-gateway-ce/pkg/database/repository.go:246.2,248.16 3 0
ai-gateway-ce/pkg/database/repository.go:248.16,250.3 1 0
ai-gateway-ce/pkg/database/repository.go:253.2,253.66 1 0
ai-gateway-ce/pkg/database/repository.go:253.66,256.3 1 0
ai-gateway-ce/pkg/database/repository.go:258.2,258.19 1 0
ai-gateway-ce/pkg/database/repository.go:261.89,263.25 2 0
ai-gateway-ce/pkg/database/repository.go:263.25,265.3 1 0
ai-gateway-ce/pkg/database/repository.go:266.2,266.30 1 0
ai-gateway-ce/pkg/database/repository.go:266.30,268.3 1 0
ai-gateway-ce/pkg/database/repository.go:269.2,269.12 1 0
ai-gateway-ce/pkg/database/repository.go:272.82,274.25 2 0
ai-gateway-ce/pkg/database/repository.go:274.25,276.3 1 0
ai-gateway-ce/pkg/database/repository.go:277.2,277.30 1 0
ai-gateway-ce/pkg/database/repository.go:277.30,279.3 1 0
ai-gateway-ce/pkg/database/repository.go:280.2,280.12 1 0
ai-gateway-ce/pkg/database/repository.go:284.85,285.28 1 0
ai-gateway-ce/pkg/database/repository.go:285.28,287.3 1 0
ai-gateway-ce/pkg/database/repository.go:288.2,288.23 1 0
ai-gateway-ce/pkg/database/repository.go:288.23,290.3 1 0
ai-gateway-ce/pkg/database/repository.go:291.2,291.22 1 0
ai-gateway-ce/pkg/database/repository.go:291.22,293.3 1 0
ai-gateway-ce/pkg/database/repository.go:295.2,296.31 2 0
ai-gateway-ce/pkg/database/repository.go:296.31,298.3 1 0
ai-gateway-ce/pkg/database/repository.go:300.2,300.20 1 0
ai-gateway-ce/pkg/database/repository.go:300.20,302.3 1 0
ai-gateway-ce/pkg/database/repository.go:304.2,305.25 2 0
ai-gateway-ce/pkg/database/repository.go:305.25,307.3 1 0
ai-gateway-ce/pkg/database/repository.go:309.2,309.12 1 0
ai-gateway-ce/pkg/database/repository.go:312.88,315.16 3 0
ai-gateway-ce/pkg/database/repository.go:315.16,317.3 1 0
ai-gateway-ce/pkg/database/repository.go:318.2,318.21 1 0
ai-gateway-ce/pkg/database/repository.go:321.98,325.2 3 0
ai-gateway-ce/pkg/database/repository.go:327.85,329.25 2 0
ai-gateway-ce/pkg/database/repository.go:329.25,331.3 1 0
ai-gateway-ce/pkg/database/repository.go:332.2,332.30 1 0
ai-gateway-ce/pkg/database/repository.go:332.30,334.3 1 0
ai-gateway-ce/pkg/database/repository.go:335.2,335.12 1 0
ai-gateway-ce/pkg/database/repository.go:338.84,340.25 2 0
ai-gateway-ce/pkg/database/repository.go:340.25,342.3 1 0
ai-gateway-ce/pkg/database/repository.go:343.2,343.30 1 0
ai-gateway-ce/pkg/database/repository.go:343.30,345.3 1 0
ai-gateway-ce/pkg/database/repository.go:346.2,346.12 1 0
ai-gateway-ce/pkg/database/repository.go:349.91,354.16 3 0
ai-gateway-ce/pkg/database/repository.go:354.16,356.3 1 0
ai-gateway-ce/pkg/database/repository.go:357.2,357.23 1 0
ai-gateway-ce/pkg/database/repository.go:360.75,363.16 3 0
ai-gateway-ce/pkg/database/repository.go:363.16,365.3 1 0
ai-gateway-ce/pkg/database/repository.go:366.2,366.24 1 0
ai-gateway-ce/pkg/database/repository.go:369.105,376.16 3 0
ai-gateway-ce/pkg/database/repository.go:376.16,378.3 1 0
ai-gateway-ce/pkg/database/repository.go:380.2,380.24 1 0
ai-gateway-ce/pkg/database/repository.go:384.115,387.29 2 0
ai-gateway-ce/pkg/database/repository.go:387.29,389.27 1 0
ai-gateway-ce/pkg/database/repository.go:389.27,391.4 1 0
ai-gateway-ce/pkg/database/repository.go:394.3,394.30 1 0
ai-gateway-ce/pkg/database/repository.go:394.30,396.4 1 0
ai-gateway-ce/pkg/database/repository.go:397.3,397.30 1 0
ai-gateway-ce/pkg/database/repository.go:397.30,399.4 1 0
ai-gateway-ce/pkg/database/repository.go:401.3,419.33 2 0
ai-gateway-ce/pkg/database/repository.go:419.33,421.4 1 0
ai-gateway-ce/pkg/database/repository.go:425.2,426.16 2 0
ai-gateway-ce/pkg/database/repository.go:426.16,428.3 1 0
ai-gateway-ce/pkg/database/repository.go:430.2,437.73 3 0
ai-gateway-ce/pkg/database/repository.go:437.73,439.3 1 0
ai-gateway-ce/pkg/database/repository.go:441.2,441.12 1 0
ai-gateway-ce/pkg/database/repository.go:445.91,447.2 1 0
ai-gateway-ce/pkg/database/repository.go:449.92,451.83 2 0
ai-gateway-ce/pkg/database/repository.go:451.83,453.3 1 0
ai-gateway-ce/pkg/database/repository.go:454.2,454.23 1 0
ai-gateway-ce/pkg/database/repository.go:457.121,461.15 3 0
ai-gateway-ce/pkg/database/repository.go:461.15,463.3 1 0
ai-gateway-ce/pkg/database/repository.go:465.2,465.53 1 0
ai-gateway-ce/pkg/database/repository.go:465.53,467.3 1 0
ai-gateway-ce/pkg/database/repository.go:468.2,468.23 1 0
ai-gateway-ce/pkg/database/repository.go:471.91,473.2 1 0
ai-gateway-ce/pkg/database/repository.go:475.75,478.120 2 0
ai-gateway-ce/pkg/database/repository.go:478.120,480.3 1 0
ai-gateway-ce/pkg/database/repository.go:481.2,481.15 1 0
ai-gateway-ce/pkg/database/repository.go:481.15,483.3 1 0
ai-gateway-ce/pkg/database/repository.go:485.2,485.77 1 0
ai-gateway-ce/pkg/database/repository.go:489.88,492.143 2 0
ai-gateway-ce/pkg/database/repository.go:492.143,494.3 1 0
ai-gateway-ce/pkg/database/repository.go:496.2,496.52 1 0
ai-gateway-ce/pkg/database/repository.go:499.90,504.25 3 0
ai-gateway-ce/pkg/database/repository.go:504.25,506.3 1 0
ai-gateway-ce/pkg/database/repository.go:507.2,507.22 1 0
ai-gateway-ce/pkg/database/repository.go:510.119,514.15 3 0
ai-gateway-ce/pkg/database/repository.go:514.15,516.3 1 0
ai-gateway-ce/pkg/database/repository.go:518.2,518.52 1 0
ai-gateway-ce/pkg/database/repository.go:518.52,520.3 1 0
ai-gateway-ce/pkg/database/repository.go:521.2,521.22 1 0
ai-gateway-ce/pkg/database/repository.go:524.88,527.143 2 0
ai-gateway-ce/pkg/database/repository.go:527.143,529.3 1 0
ai-gateway-ce/pkg/database/repository.go:531.2,531.50 1 0
ai-gateway-ce/pkg/database/repository.go:534.74,537.126 2 0
ai-gateway-ce/pkg/database/repository.go:537.126,539.3 1 0
ai-gateway-ce/pkg/database/repository.go:540.2,540.15 1 0
ai-gateway-ce/pkg/database/repository.go:540.15,542.3 1 0
ai-gateway-ce/pkg/database/repository.go:544.2,544.76 1 0
ai-gateway-ce/pkg/models/api_key.go:18.34,20.2 1 0
ai-gateway-ce/pkg/models/forwarding_rule.go:29.43,30.18 1 0
ai-gateway-ce/pkg/models/forwarding_rule.go:30.18,32.3 1 0
ai-gateway-ce/pkg/models/forwarding_rule.go:34.2,34.23 1 0
ai-gateway-ce/pkg/models/forwarding_rule.go:34.23,36.3 1 0
ai-gateway-ce/pkg/models/forwarding_rule.go:38.2,38.25 1 0
ai-gateway-ce/pkg/models/forwarding_rule.go:38.25,40.3 1 0
ai-gateway-ce/pkg/models/forwarding_rule.go:42.2,47.35 2 0
ai-gateway-ce/pkg/models/forwarding_rule.go:47.35,48.28 1 0
ai-gateway-ce/pkg/models/forwarding_rule.go:48.28,50.4 1 0
ai-gateway-ce/pkg/models/forwarding_rule.go:53.2,53.12 1 0
ai-gateway-ce/pkg/models/forwarding_rule.go:57.58,59.16 1 0
ai-gateway-ce/pkg/models/forwarding_rule.go:59.16,61.3 1 0
ai-gateway-ce/pkg/models/forwarding_rule.go:64.2,69.26 4 0
ai-gateway-ce/pkg/models/forwarding_rule.go:69.26,70.32 1 0
ai-gateway-ce/pkg/models/forwarding_rule.go:70.32,71.33 1 0
ai-gateway-ce/pkg/models/forwarding_rule.go:71.33,73.5 1 0
ai-gateway-ce/pkg/models/forwarding_rule.go:78.2,78.21 1 0
ai-gateway-ce/pkg/models/forwarding_rule.go:82.58,87.26 2 0
ai-gateway-ce/pkg/models/forwarding_rule.go:87.26,88.32 1 0
ai-gateway-ce/pkg/models/forwarding_rule.go:88.32,89.33 1 0
ai-gateway-ce/pkg/models/forwarding_rule.go:89.33,91.5 1 0
ai-gateway-ce/pkg/models/forwarding_rule.go:96.2,96.21 1 0
ai-gateway-ce/pkg/models/gateway.go:21.51,22.16 1 0
ai-gateway-ce/pkg/models/gateway.go:22.16,24.3 1 0
ai-gateway-ce/pkg/models/gateway.go:26.2,30.30 4 0
ai-gateway-ce/pkg/models/gateway.go:30.30,31.36 1 0
ai-gateway-ce/pkg/models/gateway.go:31.36,32.37 1 0
ai-gateway-ce/pkg/models/gateway.go:32.37,34.5 1 0
ai-gateway-ce/pkg/models/gateway.go:38.2,38.21 1 0
ai-gateway-ce/pkg/models/gateway.go:41.51,44.30 2 0
ai-gateway-ce/pkg/models/gateway.go:44.30,45.36 1 0
ai-gateway-ce/pkg/models/gateway.go:45.36,46.37 1 0
ai-gateway-ce/pkg/models/gateway.go:46.37,48.5 1 0
ai-gateway-ce/pkg/models/gateway.go:52.2,52.21 1 0
ai-gateway-ce/pkg/models/gateway.go:55.36,56.18 1 0
ai-gateway-ce/pkg/models/gateway.go:56.18,58.3 1 0
ai-gateway-ce/pkg/models/gateway.go:60.2,60.23 1 0
ai-gateway-ce/pkg/models/gateway.go:60.23,62.3 1 0
ai-gateway-ce/pkg/models/gateway.go:64.2,64.20 1 0
ai-gateway-ce/pkg/models/gateway.go:64.20,66.3 1 0
ai-gateway-ce/pkg/models/gateway.go:68.2,68.30 1 0
ai-gateway-ce/pkg/models/gateway.go:68.30,69.44 1 0
ai-gateway-ce/pkg/models/gateway.go:69.44,70.25 1 0
ai-gateway-ce/pkg/models/gateway.go:70.25,72.5 1 0
ai-gateway-ce/pkg/models/gateway.go:76.2,76.12 1 0
ai-gateway-ce/pkg/models/gateway.go:79.38,81.2 1 0
ai-gateway-ce/pkg/models/health_check.go:17.40,18.21 1 0
ai-gateway-ce/pkg/models/health_check.go:18.21,20.3 1 0
ai-gateway-ce/pkg/models/health_check.go:21.2,21.22 1 0
ai-gateway-ce/pkg/models/health_check.go:21.22,23.3 1 0
ai-gateway-ce/pkg/models/health_check.go:24.2,24.12 1 0
ai-gateway-ce/pkg/models/health_check.go:27.52,29.2 1 0
ai-gateway-ce/pkg/models/health_check.go:31.53,32.18 1 0
ai-gateway-ce/pkg/models/health_check.go:32.18,34.3 1 0
ai-gateway-ce/pkg/models/health_check.go:35.2,36.9 2 0
ai-gateway-ce/pkg/models/health_check.go:36.9,38.3 1 0
ai-gateway-ce/pkg/models/health_check.go:39.2,39.33 1 0
ai-gateway-ce/pkg/models/service.go:42.51,43.16 1 0
ai-gateway-ce/pkg/models/service.go:43.16,45.3 1 0
ai-gateway-ce/pkg/models/service.go:46.2,46.21 1 0
ai-gateway-ce/pkg/models/service.go:49.51,52.2 2 0
ai-gateway-ce/pkg/models/service.go:54.36,55.18 1 0
ai-gateway-ce/pkg/models/service.go:55.18,57.3 1 0
ai-gateway-ce/pkg/models/service.go:60.2,64.25 2 0
ai-gateway-ce/pkg/models/service.go:64.25,66.3 1 0
ai-gateway-ce/pkg/models/service.go:69.2,69.24 1 0
ai-gateway-ce/pkg/models/service.go:69.24,70.19 1 0
ai-gateway-ce/pkg/models/service.go:70.19,72.4 1 0
ai-gateway-ce/pkg/models/service.go:73.3,73.36 1 0
ai-gateway-ce/pkg/models/service.go:73.36,75.4 1 0
ai-gateway-ce/pkg/models/service.go:76.3,76.52 1 0
ai-gateway-ce/pkg/models/service.go:76.52,78.4 1 0
ai-gateway-ce/pkg/models/service.go:79.8,81.74 1 0
ai-gateway-ce/pkg/models/service.go:81.74,83.4 1 0
ai-gateway-ce/pkg/models/service.go:86.2,86.12 1 0
ai-gateway-ce/pkg/models/types.go:20.52,21.14 1 0
ai-gateway-ce/pkg/models/types.go:21.14,23.3 1 0
ai-gateway-ce/pkg/models/types.go:24.2,24.24 1 0
ai-gateway-ce/pkg/models/types.go:27.53,28.18 1 0
ai-gateway-ce/pkg/models/types.go:28.18,31.3 2 0
ai-gateway-ce/pkg/models/types.go:32.2,33.9 2 0
ai-gateway-ce/pkg/models/types.go:33.9,35.3 1 0
ai-gateway-ce/pkg/models/types.go:36.2,36.33 1 0
ai-gateway-ce/pkg/models/types.go:40.52,41.14 1 0
ai-gateway-ce/pkg/models/types.go:41.14,43.3 1 0
ai-gateway-ce/pkg/models/types.go:44.2,44.24 1 0
ai-gateway-ce/pkg/models/types.go:47.53,48.18 1 0
ai-gateway-ce/pkg/models/types.go:48.18,51.3 2 0
ai-gateway-ce/pkg/models/types.go:52.2,53.9 2 0
ai-gateway-ce/pkg/models/types.go:53.9,55.3 1 0
ai-gateway-ce/pkg/models/types.go:56.2,56.33 1 0
ai-gateway-ce/pkg/models/types.go:60.56,61.14 1 0
ai-gateway-ce/pkg/models/types.go:61.14,63.3 1 0
ai-gateway-ce/pkg/models/types.go:64.2,64.24 1 0
ai-gateway-ce/pkg/models/types.go:67.57,68.18 1 0
ai-gateway-ce/pkg/models/types.go:68.18,71.3 2 0
ai-gateway-ce/pkg/models/types.go:72.2,73.9 2 0
ai-gateway-ce/pkg/models/types.go:73.9,75.3 1 0
ai-gateway-ce/pkg/models/types.go:76.2,76.33 1 0
ai-gateway-ce/pkg/models/types.go:80.56,82.2 1 0
ai-gateway-ce/pkg/models/types.go:84.57,85.18 1 0
ai-gateway-ce/pkg/models/types.go:85.18,87.3 1 0
ai-gateway-ce/pkg/models/types.go:88.2,89.9 2 0
ai-gateway-ce/pkg/models/types.go:89.9,91.3 1 0
ai-gateway-ce/pkg/models/types.go:92.2,92.33 1 0
ai-gateway-ce/pkg/models/types.go:96.49,97.14 1 0
ai-gateway-ce/pkg/models/types.go:97.14,99.3 1 0
ai-gateway-ce/pkg/models/types.go:100.2,100.24 1 0
ai-gateway-ce/pkg/models/types.go:103.50,104.18 1 0
ai-gateway-ce/pkg/models/types.go:104.18,107.3 2 0
ai-gateway-ce/pkg/models/types.go:108.2,109.9 2 0
ai-gateway-ce/pkg/models/types.go:109.9,111.3 1 0
ai-gateway-ce/pkg/models/types.go:112.2,112.33 1 0
ai-gateway-ce/pkg/models/upstream.go:33.51,34.14 1 0
ai-gateway-ce/pkg/models/upstream.go:34.14,36.3 1 0
ai-gateway-ce/pkg/models/upstream.go:37.2,37.24 1 0
ai-gateway-ce/pkg/models/upstream.go:40.52,41.18 1 0
ai-gateway-ce/pkg/models/upstream.go:41.18,44.3 2 0
ai-gateway-ce/pkg/models/upstream.go:45.2,46.9 2 0
ai-gateway-ce/pkg/models/upstream.go:46.9,48.3 1 0
ai-gateway-ce/pkg/models/upstream.go:49.2,49.33 1 0
ai-gateway-ce/pkg/models/upstream.go:55.56,56.17 1 0
ai-gateway-ce/pkg/models/upstream.go:56.17,58.3 1 0
ai-gateway-ce/pkg/models/upstream.go:59.2,59.24 1 0
ai-gateway-ce/pkg/models/upstream.go:62.57,63.18 1 0
ai-gateway-ce/pkg/models/upstream.go:63.18,66.3 2 0
ai-gateway-ce/pkg/models/upstream.go:68.2,69.9 2 0
ai-gateway-ce/pkg/models/upstream.go:69.9,71.3 1 0
ai-gateway-ce/pkg/models/upstream.go:74.2,75.53 2 0
ai-gateway-ce/pkg/models/upstream.go:75.53,77.3 1 0
ai-gateway-ce/pkg/models/upstream.go:79.2,79.26 1 0
ai-gateway-ce/pkg/models/upstream.go:80.21,81.34 1 0
ai-gateway-ce/pkg/models/upstream.go:82.30,85.41 2 0
ai-gateway-ce/pkg/models/upstream.go:86.10,87.51 1 0
ai-gateway-ce/pkg/models/upstream.go:104.43,105.18 1 0
ai-gateway-ce/pkg/models/upstream.go:105.18,107.3 1 0
ai-gateway-ce/pkg/models/upstream.go:109.2,109.22 1 0
ai-gateway-ce/pkg/models/upstream.go:109.22,110.34 1 0
ai-gateway-ce/pkg/models/upstream.go:110.34,112.4 1 0
ai-gateway-ce/pkg/models/upstream.go:113.3,114.40 2 0
ai-gateway-ce/pkg/models/upstream.go:114.40,116.4 1 0
ai-gateway-ce/pkg/models/upstream.go:117.3,117.25 1 0
ai-gateway-ce/pkg/models/upstream.go:117.25,119.4 1 0
ai-gateway-ce/pkg/models/upstream.go:120.3,120.27 1 0
ai-gateway-ce/pkg/models/upstream.go:120.27,122.4 1 0
ai-gateway-ce/pkg/models/upstream.go:123.3,123.73 1 0
ai-gateway-ce/pkg/models/upstream.go:123.73,125.4 1 0
ai-gateway-ce/pkg/models/upstream.go:126.8,126.25 1 0
ai-gateway-ce/pkg/models/upstream.go:126.25,127.36 1 0
ai-gateway-ce/pkg/models/upstream.go:127.36,129.4 1 0
ai-gateway-ce/pkg/models/upstream.go:130.3,130.52 1 0
ai-gateway-ce/pkg/models/upstream.go:130.52,132.4 1 0
ai-gateway-ce/pkg/models/upstream.go:133.8,135.3 1 0
ai-gateway-ce/pkg/models/upstream.go:137.2,137.12 1 0
ai-gateway-ce/pkg/models/upstream.go:140.52,141.16 1 0
ai-gateway-ce/pkg/models/upstream.go:141.16,143.3 1 0
ai-gateway-ce/pkg/models/upstream.go:144.2,144.27 1 0
ai-gateway-ce/pkg/models/upstream.go:144.27,145.28 1 0
ai-gateway-ce/pkg/models/upstream.go:145.28,147.4 1 0
ai-gateway-ce/pkg/models/upstream.go:149.2,149.21 1 0
ai-gateway-ce/pkg/models/upstream.go:152.52,155.2 2 0
ai-gateway-ce/pkg/models/upstream.go:157.37,158.18 1 0
ai-gateway-ce/pkg/models/upstream.go:158.18,160.3 1 0
ai-gateway-ce/pkg/models/upstream.go:162.2,162.25 1 0
ai-gateway-ce/pkg/models/upstream.go:162.25,164.3 1 0
ai-gateway-ce/pkg/models/upstream.go:166.2,172.35 2 0
ai-gateway-ce/pkg/models/upstream.go:172.35,174.3 1 0
ai-gateway-ce/pkg/models/upstream.go:176.2,176.35 1 0
ai-gateway-ce/pkg/models/upstream.go:176.35,177.43 1 0
ai-gateway-ce/pkg/models/upstream.go:177.43,179.4 1 0
ai-gateway-ce/pkg/models/upstream.go:182.2,182.27 1 0
ai-gateway-ce/pkg/models/upstream.go:182.27,183.51 1 0
ai-gateway-ce/pkg/models/upstream.go:183.51,185.4 1 0
ai-gateway-ce/pkg/models/upstream.go:188.2,188.12 1 0
ai-gateway-ce/pkg/plugins/manager.go:33.28,34.17 1 0
ai-gateway-ce/pkg/plugins/manager.go:34.17,39.3 1 0
ai-gateway-ce/pkg/plugins/manager.go:40.2,40.17 1 0
ai-gateway-ce/pkg/plugins/manager.go:43.61,47.2 3 0
ai-gateway-ce/pkg/plugins/manager.go:49.67,54.98 3 0
ai-gateway-ce/pkg/plugins/manager.go:54.98,56.3 1 0
ai-gateway-ce/pkg/plugins/manager.go:58.2,58.84 1 0
ai-gateway-ce/pkg/plugins/manager.go:58.84,60.3 1 0
ai-gateway-ce/pkg/plugins/manager.go:62.2,62.117 1 0
ai-gateway-ce/pkg/plugins/manager.go:62.117,64.3 1 0
ai-gateway-ce/pkg/plugins/manager.go:68.80,70.13 2 0
ai-gateway-ce/pkg/plugins/manager.go:70.13,72.3 1 0
ai-gateway-ce/pkg/plugins/manager.go:74.2,74.63 1 0
ai-gateway-ce/pkg/plugins/manager.go:74.63,76.3 1 0
ai-gateway-ce/pkg/plugins/manager.go:77.2,77.12 1 0
ai-gateway-ce/pkg/plugins/manager.go:80.67,85.42 4 0
ai-gateway-ce/pkg/plugins/manager.go:85.42,87.3 1 0
ai-gateway-ce/pkg/plugins/manager.go:89.2,90.12 2 0
ai-gateway-ce/pkg/plugins/manager.go:93.105,98.31 3 0
ai-gateway-ce/pkg/plugins/manager.go:98.31,99.50 1 0
ai-gateway-ce/pkg/plugins/manager.go:99.50,101.4 1 0
ai-gateway-ce/pkg/plugins/manager.go:104.2,104.36 1 0
ai-gateway-ce/pkg/plugins/manager.go:104.36,106.3 1 0
ai-gateway-ce/pkg/plugins/manager.go:108.2,109.12 2 0
ai-gateway-ce/pkg/plugins/manager.go:112.186,127.28 8 0
ai-gateway-ce/pkg/plugins/manager.go:127.28,128.98 1 0
ai-gateway-ce/pkg/plugins/manager.go:128.98,130.4 1 0
ai-gateway-ce/pkg/plugins/manager.go:134.2,134.25 1 0
ai-gateway-ce/pkg/plugins/manager.go:134.25,135.95 1 0
ai-gateway-ce/pkg/plugins/manager.go:135.95,137.4 1 0
ai-gateway-ce/pkg/plugins/manager.go:140.2,140.18 1 0
ai-gateway-ce/pkg/plugins/manager.go:143.217,146.31 2 0
ai-gateway-ce/pkg/plugins/manager.go:146.31,149.29 2 0
ai-gateway-ce/pkg/plugins/manager.go:149.29,152.4 1 0
ai-gateway-ce/pkg/plugins/manager.go:155.3,155.40 1 0
ai-gateway-ce/pkg/plugins/manager.go:155.40,156.12 1 0
ai-gateway-ce/pkg/plugins/manager.go:158.3,160.21 2 0
ai-gateway-ce/pkg/plugins/manager.go:160.21,162.4 1 0
ai-gateway-ce/pkg/plugins/manager.go:162.9,164.4 1 0
ai-gateway-ce/pkg/plugins/manager.go:168.2,168.29 1 0
ai-gateway-ce/pkg/plugins/manager.go:168.29,169.84 1 0
ai-gateway-ce/pkg/plugins/manager.go:169.84,171.4 1 0
ai-gateway-ce/pkg/plugins/manager.go:175.2,175.31 1 0
ai-gateway-ce/pkg/plugins/manager.go:175.31,176.88 1 0
ai-gateway-ce/pkg/plugins/manager.go:176.88,178.4 1 0
ai-gateway-ce/pkg/plugins/manager.go:181.2,181.12 1 0
ai-gateway-ce/pkg/plugins/manager.go:184.187,187.30 2 0
ai-gateway-ce/pkg/plugins/manager.go:187.30,188.19 1 0
ai-gateway-ce/pkg/plugins/manager.go:188.19,189.12 1 0
ai-gateway-ce/pkg/plugins/manager.go:191.3,191.75 1 0
ai-gateway-ce/pkg/plugins/manager.go:195.2,196.32 2 0
ai-gateway-ce/pkg/plugins/manager.go:196.32,198.3 1 0
ai-gateway-ce/pkg/plugins/manager.go:199.2,202.38 2 0
ai-gateway-ce/pkg/plugins/manager.go:202.38,216.24 5 0
ai-gateway-ce/pkg/plugins/manager.go:216.24,219.36 3 0
ai-gateway-ce/pkg/plugins/manager.go:219.36,223.52 3 0
ai-gateway-ce/pkg/plugins/manager.go:223.52,234.6 3 0
ai-gateway-ce/pkg/plugins/manager.go:239.3,239.13 1 0
ai-gateway-ce/pkg/plugins/manager.go:239.13,242.4 2 0
ai-gateway-ce/pkg/plugins/manager.go:245.3,249.34 3 0
ai-gateway-ce/pkg/plugins/manager.go:249.34,250.25 1 0
ai-gateway-ce/pkg/plugins/manager.go:250.25,252.5 1 0
ai-gateway-ce/pkg/plugins/manager.go:253.4,253.30 1 0
ai-gateway-ce/pkg/plugins/manager.go:253.30,255.5 1 0
ai-gateway-ce/pkg/plugins/manager.go:257.4,257.11 1 0
ai-gateway-ce/pkg/plugins/manager.go:258.22,260.21 2 0
ai-gateway-ce/pkg/plugins/manager.go:261.12,261.12 0 0
ai-gateway-ce/pkg/plugins/manager.go:266.3,266.43 1 0
ai-gateway-ce/pkg/plugins/manager.go:266.43,268.4 1 0
ai-gateway-ce/pkg/plugins/manager.go:271.3,271.34 1 0
ai-gateway-ce/pkg/plugins/manager.go:271.34,272.30 1 0
ai-gateway-ce/pkg/plugins/manager.go:272.30,276.39 4 0
ai-gateway-ce/pkg/plugins/manager.go:276.39,277.48 1 0
ai-gateway-ce/pkg/plugins/manager.go:277.48,279.7 1 0
ai-gateway-ce/pkg/plugins/manager.go:281.5,281.40 1 0
ai-gateway-ce/pkg/plugins/manager.go:281.40,282.49 1 0
ai-gateway-ce/pkg/plugins/manager.go:282.49,284.7 1 0
ai-gateway-ce/pkg/plugins/manager.go:286.5,286.18 1 0
ai-gateway-ce/pkg/plugins/manager.go:291.3,291.22 1 0
ai-gateway-ce/pkg/plugins/manager.go:291.22,293.4 1 0
ai-gateway-ce/pkg/plugins/manager.go:296.2,296.12 1 0
ai-gateway-ce/pkg/plugins/manager.go:299.189,302.48 3 0
ai-gateway-ce/pkg/plugins/manager.go:302.48,304.3 1 0
ai-gateway-ce/pkg/plugins/manager.go:306.2,306.36 1 0
ai-gateway-ce/pkg/plugins/manager.go:306.36,307.19 1 0
ai-gateway-ce/pkg/plugins/manager.go:307.19,308.12 1 0
ai-gateway-ce/pkg/plugins/manager.go:311.3,311.50 1 0
ai-gateway-ce/pkg/plugins/manager.go:311.50,313.18 2 0
ai-gateway-ce/pkg/plugins/manager.go:313.18,315.5 1 0
ai-gateway-ce/pkg/plugins/manager.go:316.4,316.25 1 0
ai-gateway-ce/pkg/plugins/manager.go:316.25,319.31 3 0
ai-gateway-ce/pkg/plugins/manager.go:319.31,321.6 1 0
ai-gateway-ce/pkg/plugins/manager.go:322.5,322.34 1 0
ai-gateway-ce/pkg/plugins/manager.go:322.34,323.43 1 0
ai-gateway-ce/pkg/plugins/manager.go:323.43,325.7 1 0
ai-gateway-ce/pkg/plugins/manager.go:327.5,327.35 1 0
ai-gateway-ce/pkg/plugins/manager.go:327.35,328.44 1 0
ai-gateway-ce/pkg/plugins/manager.go:328.44,330.7 1 0
ai-gateway-ce/pkg/plugins/manager.go:332.5,332.18 1 0
ai-gateway-ce/pkg/plugins/manager.go:336.2,336.12 1 0
ai-gateway-ce/pkg/plugins/manager.go:339.105,340.56 1 0
ai-gateway-ce/pkg/plugins/manager.go:340.56,341.50 1 0
ai-gateway-ce/pkg/plugins/manager.go:341.50,343.33 2 0
ai-gateway-ce/pkg/plugins/manager.go:343.33,346.16 2 0
ai-gateway-ce/pkg/plugins/manager.go:346.16,347.14 1 0
ai-gateway-ce/pkg/plugins/manager.go:351.5,352.29 2 0
ai-gateway-ce/pkg/plugins/manager.go:352.29,354.45 1 0
ai-gateway-ce/pkg/plugins/manager.go:354.45,355.30 1 0
ai-gateway-ce/pkg/plugins/manager.go:355.30,359.13 4 0
ai-gateway-ce/pkg/plugins/manager.go:362.11,366.27 2 0
ai-gateway-ce/pkg/plugins/manager.go:366.27,367.15 1 0
ai-gateway-ce/pkg/plugins/manager.go:370.6,370.30 1 0
ai-gateway-ce/pkg/plugins/manager.go:370.30,372.50 2 0
ai-gateway-ce/pkg/plugins/manager.go:372.50,373.33 1 0
ai-gateway-ce/pkg/plugins/manager.go:373.33,375.14 2 0
ai-gateway-ce/pkg/plugins/manager.go:378.7,378.20 1 0
ai-gateway-ce/pkg/plugins/manager.go:378.20,380.8 1 0
ai-gateway-ce/pkg/plugins/manager.go:384.4,384.22 1 0
ai-gateway-ce/pkg/plugins/manager.go:387.2,387.12 1 0
ai-gateway-ce/pkg/plugins/manager.go:391.61,395.2 3 0
ai-gateway-ce/pkg/plugins/types.go:23.39,25.2 1 0
ai-gateway-ce/pkg/plugins/rate_limiter/plugin.go:41.73,46.2 1 0
ai-gateway-ce/pkg/plugins/rate_limiter/plugin.go:48.43,50.2 1 0
ai-gateway-ce/pkg/plugins/rate_limiter/plugin.go:52.52,54.2 1 0
ai-gateway-ce/pkg/plugins/rate_limiter/plugin.go:56.59,58.2 1 0
ai-gateway-ce/pkg/plugins/rate_limiter/plugin.go:62.80,63.38 1 0
ai-gateway-ce/pkg/plugins/rate_limiter/plugin.go:63.38,65.3 1 0
ai-gateway-ce/pkg/plugins/rate_limiter/plugin.go:68.2,70.9 3 0
ai-gateway-ce/pkg/plugins/rate_limiter/plugin.go:70.9,72.3 1 0
ai-gateway-ce/pkg/plugins/rate_limiter/plugin.go:75.2,75.40 1 0
ai-gateway-ce/pkg/plugins/rate_limiter/plugin.go:75.40,77.10 2 0
ai-gateway-ce/pkg/plugins/rate_limiter/plugin.go:77.10,79.4 1 0
ai-gateway-ce/pkg/plugins/rate_limiter/plugin.go:82.3,83.24 2 0
ai-gateway-ce/pkg/plugins/rate_limiter/plugin.go:83.24,85.4 1 0
ai-gateway-ce/pkg/plugins/rate_limiter/plugin.go:88.3,89.26 2 0
ai-gateway-ce/pkg/plugins/rate_limiter/plugin.go:89.26,91.4 1 0
ai-gateway-ce/pkg/plugins/rate_limiter/plugin.go:94.3,94.55 1 0
ai-gateway-ce/pkg/plugins/rate_limiter/plugin.go:94.55,96.4 1 0
ai-gateway-ce/pkg/plugins/rate_limiter/plugin.go:99.2,100.9 2 0
ai-gateway-ce/pkg/plugins/rate_limiter/plugin.go:100.9,102.3 1 0
ai-gateway-ce/pkg/plugins/rate_limiter/plugin.go:104.2,105.9 2 0
ai-gateway-ce/pkg/plugins/rate_limiter/plugin.go:105.9,107.3 1 0
ai-gateway-ce/pkg/plugins/rate_limiter/plugin.go:109.2,109.53 1 0
ai-gateway-ce/pkg/plugins/rate_limiter/plugin.go:109.53,111.3 1 0
ai-gateway-ce/pkg/plugins/rate_limiter/plugin.go:113.2,113.12 1 0
ai-gateway-ce/pkg/plugins/rate_limiter/plugin.go:116.169,118.67 2 0
ai-gateway-ce/pkg/plugins/rate_limiter/plugin.go:118.67,120.3 1 0
ai-gateway-ce/pkg/plugins/rate_limiter/plugin.go:123.2,123.25 1 0
ai-gateway-ce/pkg/plugins/rate_limiter/plugin.go:123.25,125.3 1 0
ai-gateway-ce/pkg/plugins/rate_limiter/plugin.go:127.2,141.39 5 0
ai-gateway-ce/pkg/plugins/rate_limiter/plugin.go:141.39,142.51 1 0
ai-gateway-ce/pkg/plugins/rate_limiter/plugin.go:142.51,144.31 1 0
ai-gateway-ce/pkg/plugins/rate_limiter/plugin.go:144.31,146.31 2 0
ai-gateway-ce/pkg/plugins/rate_limiter/plugin.go:146.31,147.14 1 0
ai-gateway-ce/pkg/plugins/rate_limiter/plugin.go:151.4,152.18 2 0
ai-gateway-ce/pkg/plugins/rate_limiter/plugin.go:152.18,154.5 1 0
ai-gateway-ce/pkg/plugins/rate_limiter/plugin.go:156.4,170.18 5 0
ai-gateway-ce/pkg/plugins/rate_limiter/plugin.go:170.18,172.5 1 0
ai-gateway-ce/pkg/plugins/rate_limiter/plugin.go:175.4,182.45 6 0
ai-gateway-ce/pkg/plugins/rate_limiter/plugin.go:182.45,189.10 2 0
ai-gateway-ce/pkg/plugins/rate_limiter/plugin.go:193.4,203.44 6 0
ai-gateway-ce/pkg/plugins/rate_limiter/plugin.go:203.44,205.5 1 0
ai-gateway-ce/pkg/plugins/rate_limiter/plugin.go:210.2,210.26 1 0
ai-gateway-ce/pkg/plugins/rate_limiter/plugin.go:210.26,211.35 1 0
ai-gateway-ce/pkg/plugins/rate_limiter/plugin.go:211.35,213.4 1 0
ai-gateway-ce/pkg/plugins/rate_limiter/plugin.go:215.3,224.4 5 0
ai-gateway-ce/pkg/plugins/rate_limiter/plugin.go:227.2,227.17 1 0
ai-gateway-ce/pkg/plugins/rate_limiter/plugin.go:230.92,231.19 1 0
ai-gateway-ce/pkg/plugins/rate_limiter/plugin.go:232.16,233.18 1 0
ai-gateway-ce/pkg/plugins/rate_limiter/plugin.go:234.16,245.36 2 0
ai-gateway-ce/pkg/plugins/rate_limiter/plugin.go:245.36,246.48 1 0
ai-gateway-ce/pkg/plugins/rate_limiter/plugin.go:246.48,248.5 1 0
ai-gateway-ce/pkg/plugins/rate_limiter/plugin.go:250.3,250.19 1 0
ai-gateway-ce/pkg/plugins/rate_limiter/plugin.go:252.18,261.38 2 0
ai-gateway-ce/pkg/plugins/rate_limiter/plugin.go:261.38,262.48 1 0
ai-gateway-ce/pkg/plugins/rate_limiter/plugin.go:262.48,264.5 1 0
ai-gateway-ce/pkg/plugins/rate_limiter/plugin.go:266.3,266.21 1 0
ai-gateway-ce/pkg/plugins/rate_limiter/plugin.go:268.16,269.51 1 0
ai-gateway-ce/pkg/plugins/rate_limiter/plugin.go:269.51,271.4 1 0
ai-gateway-ce/pkg/plugins/rate_limiter/plugin.go:272.3,272.19 1 0
ai-gateway-ce/pkg/plugins/rate_limiter/plugin.go:274.10,275.19 1 0
ai-gateway-ce/pkg/plugins/external_api/plugin.go:41.43,43.2 1 0
ai-gateway-ce/pkg/plugins/external_api/plugin.go:45.52,47.2 1 0
ai-gateway-ce/pkg/plugins/external_api/plugin.go:49.59,51.2 1 0
ai-gateway-ce/pkg/plugins/external_api/plugin.go:53.48,55.2 1 0
ai-gateway-ce/pkg/plugins/external_api/plugin.go:59.80,60.38 1 0
ai-gateway-ce/pkg/plugins/external_api/plugin.go:60.38,62.3 1 0
ai-gateway-ce/pkg/plugins/external_api/plugin.go:64.2,68.27 3 0
ai-gateway-ce/pkg/plugins/external_api/plugin.go:68.27,70.3 1 0
ai-gateway-ce/pkg/plugins/external_api/plugin.go:73.2,73.47 1 0
ai-gateway-ce/pkg/plugins/external_api/plugin.go:73.47,75.3 1 0
ai-gateway-ce/pkg/plugins/external_api/plugin.go:78.2,78.61 1 0
ai-gateway-ce/pkg/plugins/external_api/plugin.go:78.61,79.56 1 0
ai-gateway-ce/pkg/plugins/external_api/plugin.go:79.56,81.4 1 0
ai-gateway-ce/pkg/plugins/external_api/plugin.go:84.2,84.12 1 0
ai-gateway-ce/pkg/plugins/external_api/plugin.go:87.169,89.16 2 0
ai-gateway-ce/pkg/plugins/external_api/plugin.go:89.16,91.3 1 0
ai-gateway-ce/pkg/plugins/external_api/plugin.go:93.2,94.21 2 0
ai-gateway-ce/pkg/plugins/external_api/plugin.go:94.21,97.3 2 0
ai-gateway-ce/pkg/plugins/external_api/plugin.go:99.2,100.27 2 0
ai-gateway-ce/pkg/plugins/external_api/plugin.go:100.27,102.3 1 0
ai-gateway-ce/pkg/plugins/external_api/plugin.go:105.2,106.57 2 0
ai-gateway-ce/pkg/plugins/external_api/plugin.go:106.57,108.3 1 0
ai-gateway-ce/pkg/plugins/external_api/plugin.go:111.2,112.63 2 0
ai-gateway-ce/pkg/plugins/external_api/plugin.go:112.63,113.23 1 0
ai-gateway-ce/pkg/plugins/external_api/plugin.go:113.23,114.36 1 0
ai-gateway-ce/pkg/plugins/external_api/plugin.go:114.36,116.5 1 0
ai-gateway-ce/pkg/plugins/external_api/plugin.go:121.2,122.58 2 0
ai-gateway-ce/pkg/plugins/external_api/plugin.go:122.58,123.55 1 0
ai-gateway-ce/pkg/plugins/external_api/plugin.go:123.55,125.4 1 0
ai-gateway-ce/pkg/plugins/external_api/plugin.go:129.2,130.60 2 0
ai-gateway-ce/pkg/plugins/external_api/plugin.go:130.60,131.26 1 0
ai-gateway-ce/pkg/plugins/external_api/plugin.go:131.26,132.53 1 0
ai-gateway-ce/pkg/plugins/external_api/plugin.go:132.53,135.19 3 0
ai-gateway-ce/pkg/plugins/external_api/plugin.go:135.19,137.6 1 0
ai-gateway-ce/pkg/plugins/external_api/plugin.go:138.5,141.19 3 0
ai-gateway-ce/pkg/plugins/external_api/plugin.go:141.19,143.6 1 0
ai-gateway-ce/pkg/plugins/external_api/plugin.go:144.5,146.44 2 0
ai-gateway-ce/pkg/plugins/external_api/plugin.go:152.2,153.61 2 0
ai-gateway-ce/pkg/plugins/external_api/plugin.go:153.61,154.27 1 0
ai-gateway-ce/pkg/plugins/external_api/plugin.go:154.27,155.53 1 0
ai-gateway-ce/pkg/plugins/external_api/plugin.go:155.53,158.19 3 0
ai-gateway-ce/pkg/plugins/external_api/plugin.go:158.19,160.6 1 0
ai-gateway-ce/pkg/plugins/external_api/plugin.go:161.5,164.19 3 0
ai-gateway-ce/pkg/plugins/external_api/plugin.go:164.19,166.6 1 0
ai-gateway-ce/pkg/plugins/external_api/plugin.go:167.5,170.19 3 0
ai-gateway-ce/pkg/plugins/external_api/plugin.go:170.19,172.6 1 0
ai-gateway-ce/pkg/plugins/external_api/plugin.go:173.5,175.51 2 0
ai-gateway-ce/pkg/plugins/external_api/plugin.go:175.51,177.6 1 0
ai-gateway-ce/pkg/plugins/external_api/plugin.go:178.5,178.47 1 0
ai-gateway-ce/pkg/plugins/external_api/plugin.go:184.2,185.23 2 0
ai-gateway-ce/pkg/plugins/external_api/plugin.go:185.23,186.65 1 0
ai-gateway-ce/pkg/plugins/external_api/plugin.go:186.65,188.4 1 0
ai-gateway-ce/pkg/plugins/external_api/plugin.go:192.2,193.36 2 0
ai-gateway-ce/pkg/plugins/external_api/plugin.go:193.36,194.25 1 0
ai-gateway-ce/pkg/plugins/external_api/plugin.go:195.16,196.53 1 0
ai-gateway-ce/pkg/plugins/external_api/plugin.go:196.53,198.5 1 0
ai-gateway-ce/pkg/plugins/external_api/plugin.go:203.2,204.16 2 0
ai-gateway-ce/pkg/plugins/external_api/plugin.go:204.16,206.3 1 0
ai-gateway-ce/pkg/plugins/external_api/plugin.go:209.2,210.16 2 0
ai-gateway-ce/pkg/plugins/external_api/plugin.go:210.16,212.3 1 0
ai-gateway-ce/pkg/plugins/external_api/plugin.go:215.2,216.28 2 0
ai-gateway-ce/pkg/plugins/external_api/plugin.go:216.28,218.3 1 0
ai-gateway-ce/pkg/plugins/external_api/plugin.go:221.2,225.16 3 0
ai-gateway-ce/pkg/plugins/external_api/plugin.go:225.16,231.3 1 0
ai-gateway-ce/pkg/plugins/external_api/plugin.go:232.2,236.79 3 0
ai-gateway-ce/pkg/plugins/external_api/plugin.go:236.79,238.3 1 0
ai-gateway-ce/pkg/plugins/external_api/plugin.go:239.2,243.39 2 0
ai-gateway-ce/pkg/plugins/external_api/plugin.go:243.39,245.19 2 0
ai-gateway-ce/pkg/plugins/external_api/plugin.go:245.19,246.111 1 0
ai-gateway-ce/pkg/plugins/external_api/plugin.go:246.111,252.5 1 0
ai-gateway-ce/pkg/plugins/external_api/plugin.go:256.2,257.16 2 0
ai-gateway-ce/pkg/plugins/external_api/plugin.go:257.16,259.3 1 0
ai-gateway-ce/pkg/plugins/external_api/plugin.go:261.2,265.8 1 0
ai-gateway-ce/pkg/plugins/external_api/plugin.go:268.77,270.27 2 0
ai-gateway-ce/pkg/plugins/external_api/plugin.go:270.27,271.23 1 0
ai-gateway-ce/pkg/plugins/external_api/plugin.go:271.23,273.4 1 0
ai-gateway-ce/pkg/plugins/external_api/plugin.go:274.3,274.60 1 0
ai-gateway-ce/pkg/plugins/external_api/plugin.go:274.60,276.4 1 0
ai-gateway-ce/pkg/plugins/external_api/plugin.go:276.9,278.4 1 0
ai-gateway-ce/pkg/plugins/external_api/plugin.go:280.2,280.12 1 0
ai-gateway-ce/pkg/plugins/external_api/plugin.go:283.88,284.18 1 0
ai-gateway-ce/pkg/plugins/external_api/plugin.go:285.12,286.28 1 0
ai-gateway-ce/pkg/plugins/external_api/plugin.go:287.13,288.28 1 0
ai-gateway-ce/pkg/plugins/external_api/plugin.go:289.12,291.15 1 0
ai-gateway-ce/pkg/plugins/external_api/plugin.go:292.10,293.15 1 0
ai-gateway-ce/pkg/plugins/external_api/plugin.go:298.78,300.18 2 0
ai-gateway-ce/pkg/plugins/external_api/plugin.go:300.18,303.3 2 0
ai-gateway-ce/pkg/plugins/external_api/plugin.go:304.2,305.9 2 0
ai-gateway-ce/pkg/plugins/external_api/plugin.go:305.9,308.3 2 0
ai-gateway-ce/pkg/plugins/external_api/plugin.go:309.2,309.20 1 0
ai-gateway-ce/pkg/plugins/external_api/plugin.go:313.80,315.9 2 0
ai-gateway-ce/pkg/plugins/external_api/plugin.go:315.9,317.3 1 0
ai-gateway-ce/pkg/plugins/external_api/plugin.go:318.2,318.19 1 0
ai-gateway-ce/pkg/plugins/external_api/plugin.go:322.76,324.9 2 0
ai-gateway-ce/pkg/plugins/external_api/plugin.go:324.9,326.3 1 0
ai-gateway-ce/pkg/plugins/external_api/plugin.go:327.2,327.19 1 0
ai-gateway-ce/pkg/plugins/token_rate_limiter/plugin.go:46.101,51.2 1 0
ai-gateway-ce/pkg/plugins/token_rate_limiter/plugin.go:54.48,56.2 1 0
ai-gateway-ce/pkg/plugins/token_rate_limiter/plugin.go:59.57,64.2 1 0
ai-gateway-ce/pkg/plugins/token_rate_limiter/plugin.go:67.64,72.2 1 0
ai-gateway-ce/pkg/plugins/token_rate_limiter/plugin.go:75.174,83.12 5 0
ai-gateway-ce/pkg/plugins/token_rate_limiter/plugin.go:83.12,86.3 2 0
ai-gateway-ce/pkg/plugins/token_rate_limiter/plugin.go:88.2,88.9 1 0
ai-gateway-ce/pkg/plugins/token_rate_limiter/plugin.go:89.20,90.66 1 0
ai-gateway-ce/pkg/plugins/token_rate_limiter/plugin.go:91.14,92.22 1 0
ai-gateway-ce/pkg/plugins/token_rate_limiter/plugin.go:96.2,98.16 3 0
ai-gateway-ce/pkg/plugins/token_rate_limiter/plugin.go:98.16,101.3 2 0
ai-gateway-ce/pkg/plugins/token_rate_limiter/plugin.go:103.2,103.61 1 0
ai-gateway-ce/pkg/plugins/token_rate_limiter/plugin.go:103.61,106.3 2 0
ai-gateway-ce/pkg/plugins/token_rate_limiter/plugin.go:109.2,110.9 2 0
ai-gateway-ce/pkg/plugins/token_rate_limiter/plugin.go:110.9,112.3 1 0
ai-gateway-ce/pkg/plugins/token_rate_limiter/plugin.go:115.2,119.16 3 0
ai-gateway-ce/pkg/plugins/token_rate_limiter/plugin.go:119.16,122.3 2 0
ai-gateway-ce/pkg/plugins/token_rate_limiter/plugin.go:125.2,125.19 1 0
ai-gateway-ce/pkg/plugins/token_rate_limiter/plugin.go:126.24,129.64 2 0
ai-gateway-ce/pkg/plugins/token_rate_limiter/plugin.go:129.64,131.4 1 0
ai-gateway-ce/pkg/plugins/token_rate_limiter/plugin.go:133.3,135.10 3 0
ai-gateway-ce/pkg/plugins/token_rate_limiter/plugin.go:135.10,137.4 1 0
ai-gateway-ce/pkg/plugins/token_rate_limiter/plugin.go:140.3,140.38 1 0
ai-gateway-ce/pkg/plugins/token_rate_limiter/plugin.go:140.38,148.27 3 0
ai-gateway-ce/pkg/plugins/token_rate_limiter/plugin.go:148.27,150.5 1 0
ai-gateway-ce/pkg/plugins/token_rate_limiter/plugin.go:153.4,165.5 2 0
ai-gateway-ce/pkg/plugins/token_rate_limiter/plugin.go:168.3,168.36 1 0
ai-gateway-ce/pkg/plugins/token_rate_limiter/plugin.go:168.36,171.27 2 0
ai-gateway-ce/pkg/plugins/token_rate_limiter/plugin.go:171.27,173.5 1 0
ai-gateway-ce/pkg/plugins/token_rate_limiter/plugin.go:176.4,188.5 2 0
ai-gateway-ce/pkg/plugins/token_rate_limiter/plugin.go:192.3,192.18 1 0
ai-gateway-ce/pkg/plugins/token_rate_limiter/plugin.go:192.18,196.68 3 0
ai-gateway-ce/pkg/plugins/token_rate_limiter/plugin.go:196.68,199.5 2 0
ai-gateway-ce/pkg/plugins/token_rate_limiter/plugin.go:203.3,204.26 2 0
ai-gateway-ce/pkg/plugins/token_rate_limiter/plugin.go:204.26,206.4 1 0
ai-gateway-ce/pkg/plugins/token_rate_limiter/plugin.go:209.3,209.18 1 0
ai-gateway-ce/pkg/plugins/token_rate_limiter/plugin.go:209.18,218.4 1 0
ai-gateway-ce/pkg/plugins/token_rate_limiter/plugin.go:220.3,229.9 1 0
ai-gateway-ce/pkg/plugins/token_rate_limiter/plugin.go:231.26,234.64 2 0
ai-gateway-ce/pkg/plugins/token_rate_limiter/plugin.go:234.64,236.4 1 0
ai-gateway-ce/pkg/plugins/token_rate_limiter/plugin.go:237.3,238.10 2 0
ai-gateway-ce/pkg/plugins/token_rate_limiter/plugin.go:238.10,240.4 1 0
ai-gateway-ce/pkg/plugins/token_rate_limiter/plugin.go:241.3,241.18 1 0
ai-gateway-ce/pkg/plugins/token_rate_limiter/plugin.go:241.18,242.82 1 0
ai-gateway-ce/pkg/plugins/token_rate_limiter/plugin.go:242.82,245.59 2 0
ai-gateway-ce/pkg/plugins/token_rate_limiter/plugin.go:245.59,247.6 1 0
ai-gateway-ce/pkg/plugins/token_rate_limiter/plugin.go:250.5,254.69 3 0
ai-gateway-ce/pkg/plugins/token_rate_limiter/plugin.go:254.69,257.6 2 0
ai-gateway-ce/pkg/plugins/token_rate_limiter/plugin.go:259.5,260.28 2 0
ai-gateway-ce/pkg/plugins/token_rate_limiter/plugin.go:260.28,262.6 1 0
ai-gateway-ce/pkg/plugins/token_rate_limiter/plugin.go:264.5,281.11 2 0
ai-gateway-ce/pkg/plugins/token_rate_limiter/plugin.go:285.3,287.66 3 0
ai-gateway-ce/pkg/plugins/token_rate_limiter/plugin.go:287.66,289.4 1 0
ai-gateway-ce/pkg/plugins/token_rate_limiter/plugin.go:289.9,289.77 1 0
ai-gateway-ce/pkg/plugins/token_rate_limiter/plugin.go:289.77,292.72 3 0
ai-gateway-ce/pkg/plugins/token_rate_limiter/plugin.go:292.72,294.5 1 0
ai-gateway-ce/pkg/plugins/token_rate_limiter/plugin.go:294.10,296.5 1 0
ai-gateway-ce/pkg/plugins/token_rate_limiter/plugin.go:297.9,299.4 1 0
ai-gateway-ce/pkg/plugins/token_rate_limiter/plugin.go:302.3,306.67 3 0
ai-gateway-ce/pkg/plugins/token_rate_limiter/plugin.go:306.67,309.4 2 0
ai-gateway-ce/pkg/plugins/token_rate_limiter/plugin.go:312.3,313.26 2 0
ai-gateway-ce/pkg/plugins/token_rate_limiter/plugin.go:313.26,315.4 1 0
ai-gateway-ce/pkg/plugins/token_rate_limiter/plugin.go:317.3,335.9 2 0
ai-gateway-ce/pkg/plugins/token_rate_limiter/plugin.go:338.2,338.60 1 0
ai-gateway-ce/pkg/plugins/token_rate_limiter/plugin.go:349.119,354.36 3 0
ai-gateway-ce/pkg/plugins/token_rate_limiter/plugin.go:354.36,357.3 2 0
ai-gateway-ce/pkg/plugins/token_rate_limiter/plugin.go:360.2,360.22 1 0
ai-gateway-ce/pkg/plugins/token_rate_limiter/plugin.go:360.22,361.65 1 0
ai-gateway-ce/pkg/plugins/token_rate_limiter/plugin.go:361.65,364.4 2 0
ai-gateway-ce/pkg/plugins/token_rate_limiter/plugin.go:365.8,372.3 1 0
ai-gateway-ce/pkg/plugins/token_rate_limiter/plugin.go:375.2,380.17 4 0
ai-gateway-ce/pkg/plugins/token_rate_limiter/plugin.go:380.17,385.3 4 0
ai-gateway-ce/pkg/plugins/token_rate_limiter/plugin.go:388.2,391.21 3 0
ai-gateway-ce/pkg/plugins/token_rate_limiter/plugin.go:395.110,398.16 2 0
ai-gateway-ce/pkg/plugins/token_rate_limiter/plugin.go:398.16,401.3 2 0
ai-gateway-ce/pkg/plugins/token_rate_limiter/plugin.go:404.2,404.80 1 0
ai-gateway-ce/pkg/plugins/token_rate_limiter/plugin.go:404.80,407.3 2 0
ai-gateway-ce/pkg/plugins/token_rate_limiter/plugin.go:409.2,409.12 1 0
ai-gateway-ce/pkg/plugins/token_rate_limiter/plugin.go:413.24,414.11 1 0
ai-gateway-ce/pkg/plugins/token_rate_limiter/plugin.go:414.11,416.3 1 0
ai-gateway-ce/pkg/plugins/token_rate_limiter/plugin.go:417.2,417.10 1 0
ai-gateway-ce/pkg/types/mapper.go:17.88,18.28 1 0
ai-gateway-ce/pkg/types/mapper.go:18.28,20.3 1 0
ai-gateway-ce/pkg/types/mapper.go:22.2,23.39 2 0
ai-gateway-ce/pkg/types/mapper.go:23.39,25.19 2 0
ai-gateway-ce/pkg/types/mapper.go:25.19,27.22 2 0
ai-gateway-ce/pkg/types/mapper.go:27.22,29.5 1 0
ai-gateway-ce/pkg/types/mapper.go:30.4,30.42 1 0
ai-gateway-ce/pkg/types/mapper.go:33.2,33.15 1 0
ai-gateway-ce/pkg/types/mapper.go:36.74,40.29 3 0
ai-gateway-ce/pkg/types/mapper.go:40.29,41.24 1 0
ai-gateway-ce/pkg/types/mapper.go:41.24,43.4 1 0
ai-gateway-ce/pkg/types/mapper.go:45.3,45.61 1 0
ai-gateway-ce/pkg/types/mapper.go:45.61,47.4 1 0
ai-gateway-ce/pkg/types/mapper.go:47.9,49.4 1 0
ai-gateway-ce/pkg/types/mapper.go:51.2,51.12 1 0
ai-gateway-ce/pkg/types/mapper.go:54.81,58.29 3 0
ai-gateway-ce/pkg/types/mapper.go:58.29,59.24 1 0
ai-gateway-ce/pkg/types/mapper.go:59.24,62.4 2 0
ai-gateway-ce/pkg/types/mapper.go:64.3,64.61 1 0
ai-gateway-ce/pkg/types/mapper.go:64.61,66.4 1 0
ai-gateway-ce/pkg/types/mapper.go:66.9,70.4 3 0
ai-gateway-ce/pkg/types/models.go:62.67,63.16 1 0
ai-gateway-ce/pkg/types/models.go:63.16,65.3 1 0
ai-gateway-ce/pkg/types/plugin.go:54.38,56.2 1 0
ai-gateway-ce/pkg/types/types.go:46.77,47.28 1 0
ai-gateway-ce/pkg/types/types.go:48.12,49.34 1 0
ai-gateway-ce/pkg/types/types.go:50.12,51.34 1 0
ai-gateway-ce/pkg/types/types.go:52.12,53.52 1 0
ai-gateway-ce/pkg/types/types.go:54.13,55.53 1 0
ai-gateway-ce/pkg/types/types.go:56.12,57.52 1 0
ai-gateway-ce/pkg/types/types.go:58.13,59.53 1 0
ai-gateway-ce/pkg/types/types.go:60.18,61.47 1 0
ai-gateway-ce/pkg/types/types.go:62.22,63.48 1 0
ai-gateway-ce/pkg/types/types.go:64.16,65.22 1 0
ai-gateway-ce/pkg/types/types.go:66.20,67.22 1 0
ai-gateway-ce/pkg/types/types.go:68.10,69.15 1 0
ai-gateway-ce/pkg/types/types.go:74.43,77.23 2 0
ai-gateway-ce/pkg/types/types.go:78.11,79.22 1 0
ai-gateway-ce/pkg/types/types.go:80.13,81.22 1 0
ai-gateway-ce/pkg/types/types.go:82.13,83.22 1 0
ai-gateway-ce/pkg/types/types.go:84.15,85.22 1 0
ai-gateway-ce/pkg/types/types.go:86.15,87.13 1 0
ai-gateway-ce/pkg/types/types.go:88.10,89.11 1 0
ai-gateway-ce/pkg/types/types.go:92.2,92.23 1 0
ai-gateway-ce/pkg/types/types.go:93.11,94.22 1 0
ai-gateway-ce/pkg/types/types.go:95.13,96.22 1 0
ai-gateway-ce/pkg/types/types.go:97.13,98.22 1 0
ai-gateway-ce/pkg/types/types.go:99.15,100.22 1 0
ai-gateway-ce/pkg/types/types.go:101.15,102.13 1 0
ai-gateway-ce/pkg/types/types.go:103.10,104.11 1 0
ai-gateway-ce/pkg/types/types.go:107.2,107.21 1 0
ai-gateway-ce/pkg/types/types.go:107.21,109.3 1 0
ai-gateway-ce/pkg/types/types.go:110.2,110.21 1 0
ai-gateway-ce/pkg/types/types.go:110.21,112.3 1 0
ai-gateway-ce/pkg/types/types.go:113.2,113.10 1 0
ai-gateway-ce/pkg/types/types.go:116.57,117.27 1 0
ai-gateway-ce/pkg/types/types.go:118.14,120.10 2 0
ai-gateway-ce/pkg/types/types.go:120.10,122.4 1 0
ai-gateway-ce/pkg/types/types.go:123.3,123.40 1 0
ai-gateway-ce/pkg/types/types.go:124.21,125.26 1 0
ai-gateway-ce/pkg/types/types.go:125.26,126.27 1 0
ai-gateway-ce/pkg/types/types.go:126.27,128.5 1 0
ai-gateway-ce/pkg/types/types.go:130.30,131.26 1 0
ai-gateway-ce/pkg/types/types.go:131.26,132.27 1 0
ai-gateway-ce/pkg/types/types.go:132.27,134.5 1 0
ai-gateway-ce/pkg/types/types.go:137.2,137.14 1 0
ai-gateway-ce/pkg/version/version.go:29.21,37.2 1 0
ai-gateway-ce/pkg/utils/subdomain.go:9.72,10.36 1 0
ai-gateway-ce/pkg/utils/subdomain.go:10.36,12.3 1 0
ai-gateway-ce/pkg/utils/subdomain.go:15.2,16.42 2 0
ai-gateway-ce/pkg/utils/subdomain.go:16.42,18.3 1 0
ai-gateway-ce/pkg/utils/subdomain.go:21.2,24.32 2 0
ai-gateway-ce/pkg/utils/subdomain.go:24.32,26.3 1 0
ai-gateway-ce/pkg/utils/subdomain.go:28.2,28.15 1 0
ai-gateway-ce/pkg/utils/subdomain.go:32.44,33.22 1 0
ai-gateway-ce/pkg/utils/subdomain.go:33.22,35.3 1 0
ai-gateway-ce/pkg/utils/subdomain.go:37.2,37.30 1 0
ai-gateway-ce/pkg/utils/subdomain.go:37.30,40.17 1 0
ai-gateway-ce/pkg/utils/subdomain.go:40.17,42.4 1 0
ai-gateway-ce/pkg/utils/subdomain.go:44.2,44.13 1 0
ai-gateway-ce/pkg/server/admin.go:33.160,38.35 2 0
ai-gateway-ce/pkg/server/admin.go:38.35,39.69 1 0
ai-gateway-ce/pkg/server/admin.go:39.69,41.4 1 0
ai-gateway-ce/pkg/server/admin.go:44.2,46.3 1 0
ai-gateway-ce/pkg/server/admin.go:49.58,54.2 1 0
ai-gateway-ce/pkg/server/admin.go:57.62,59.2 2 0
ai-gateway-ce/pkg/server/admin.go:59.2,61.3 2 0
ai-gateway-ce/pkg/server/admin.go:61.3,70.4 7 0
ai-gateway-ce/pkg/server/admin.go:70.4,76.5 5 0
ai-gateway-ce/pkg/server/admin.go:79.4,80.4 2 0
ai-gateway-ce/pkg/server/admin.go:80.4,86.5 5 0
ai-gateway-ce/pkg/server/admin.go:89.4,90.4 2 0
ai-gateway-ce/pkg/server/admin.go:90.4,95.5 4 0
ai-gateway-ce/pkg/server/admin.go:98.4,99.4 2 0
ai-gateway-ce/pkg/server/admin.go:99.4,104.5 4 0
ai-gateway-ce/pkg/server/admin.go:109.37,113.2 2 0
ai-gateway-ce/pkg/server/admin.go:115.35,123.2 4 0
ai-gateway-ce/pkg/server/admin.go:126.53,128.51 2 0
ai-gateway-ce/pkg/server/admin.go:128.51,132.3 3 0
ai-gateway-ce/pkg/server/admin.go:135.2,140.76 4 0
ai-gateway-ce/pkg/server/admin.go:140.76,144.3 3 0
ai-gateway-ce/pkg/server/admin.go:145.2,145.76 1 0
ai-gateway-ce/pkg/server/admin.go:145.76,147.3 1 0
ai-gateway-ce/pkg/server/admin.go:149.2,149.37 1 0
ai-gateway-ce/pkg/server/admin.go:152.30,155.44 2 0
ai-gateway-ce/pkg/server/admin.go:155.44,157.3 1 0
ai-gateway-ce/pkg/server/admin.go:158.2,158.49 1 0
ai-gateway-ce/pkg/server/admin.go:161.52,165.53 3 0
ai-gateway-ce/pkg/server/admin.go:165.53,166.54 1 0
ai-gateway-ce/pkg/server/admin.go:166.54,168.4 1 0
ai-gateway-ce/pkg/server/admin.go:170.2,170.50 1 0
ai-gateway-ce/pkg/server/admin.go:170.50,171.78 1 0
ai-gateway-ce/pkg/server/admin.go:171.78,173.4 1 0
ai-gateway-ce/pkg/server/admin.go:176.2,177.16 2 0
ai-gateway-ce/pkg/server/admin.go:177.16,181.3 3 0
ai-gateway-ce/pkg/server/admin.go:183.2,184.39 2 0
ai-gateway-ce/pkg/server/admin.go:184.39,186.17 2 0
ai-gateway-ce/pkg/server/admin.go:186.17,190.4 3 0
ai-gateway-ce/pkg/server/admin.go:191.3,194.29 2 0
ai-gateway-ce/pkg/server/admin.go:194.29,196.56 2 0
ai-gateway-ce/pkg/server/admin.go:196.56,198.5 1 0
ai-gateway-ce/pkg/server/admin.go:202.2,207.4 1 0
ai-gateway-ce/pkg/server/admin.go:210.57,223.44 3 0
ai-gateway-ce/pkg/server/admin.go:223.44,233.3 3 0
ai-gateway-ce/pkg/server/admin.go:236.2,236.49 1 0
ai-gateway-ce/pkg/server/admin.go:236.49,240.3 3 0
ai-gateway-ce/pkg/server/admin.go:242.2,245.16 3 0
ai-gateway-ce/pkg/server/admin.go:245.16,248.17 2 0
ai-gateway-ce/pkg/server/admin.go:248.17,252.4 3 0
ai-gateway-ce/pkg/server/admin.go:255.3,256.17 2 0
ai-gateway-ce/pkg/server/admin.go:256.17,260.4 3 0
ai-gateway-ce/pkg/server/admin.go:263.3,263.78 1 0
ai-gateway-ce/pkg/server/admin.go:263.78,265.4 1 0
ai-gateway-ce/pkg/server/admin.go:268.2,268.32 1 0
ai-gateway-ce/pkg/server/admin.go:271.94,272.46 1 0
ai-gateway-ce/pkg/server/admin.go:272.46,274.3 1 0
ai-gateway-ce/pkg/server/admin.go:276.2,278.16 3 0
ai-gateway-ce/pkg/server/admin.go:278.16,280.3 1 0
ai-gateway-ce/pkg/server/admin.go:282.2,283.70 2 0
ai-gateway-ce/pkg/server/admin.go:283.70,285.3 1 0
ai-gateway-ce/pkg/server/admin.go:287.2,287.22 1 0
ai-gateway-ce/pkg/server/admin.go:290.53,293.53 2 0
ai-gateway-ce/pkg/server/admin.go:293.53,297.3 3 0
ai-gateway-ce/pkg/server/admin.go:299.2,300.16 2 0
ai-gateway-ce/pkg/server/admin.go:300.16,304.3 3 0
ai-gateway-ce/pkg/server/admin.go:306.2,307.47 2 0
ai-gateway-ce/pkg/server/admin.go:307.47,311.3 3 0
ai-gateway-ce/pkg/server/admin.go:313.2,313.21 1 0
ai-gateway-ce/pkg/server/admin.go:313.21,315.3 1 0
ai-gateway-ce/pkg/server/admin.go:316.2,316.23 1 0
ai-gateway-ce/pkg/server/admin.go:316.23,318.3 1 0
ai-gateway-ce/pkg/server/admin.go:320.2,320.32 1 0
ai-gateway-ce/pkg/server/admin.go:320.32,322.39 1 0
ai-gateway-ce/pkg/server/admin.go:322.39,324.4 1 0
ai-gateway-ce/pkg/server/admin.go:327.3,328.46 2 0
ai-gateway-ce/pkg/server/admin.go:328.46,329.70 1 0
ai-gateway-ce/pkg/server/admin.go:329.70,333.5 3 0
ai-gateway-ce/pkg/server/admin.go:337.2,339.59 2 0
ai-gateway-ce/pkg/server/admin.go:339.59,343.3 3 0
ai-gateway-ce/pkg/server/admin.go:346.2,347.16 2 0
ai-gateway-ce/pkg/server/admin.go:347.16,351.3 3 0
ai-gateway-ce/pkg/server/admin.go:353.2,363.77 2 0
ai-gateway-ce/pkg/server/admin.go:363.77,365.3 1 0
ai-gateway-ce/pkg/server/admin.go:368.2,368.78 1 0
ai-gateway-ce/pkg/server/admin.go:368.78,370.3 1 0
ai-gateway-ce/pkg/server/admin.go:372.2,372.33 1 0
ai-gateway-ce/pkg/server/admin.go:375.59,377.14 2 0
ai-gateway-ce/pkg/server/admin.go:377.14,380.3 2 0
ai-gateway-ce/pkg/server/admin.go:382.2,382.49 1 0
ai-gateway-ce/pkg/server/admin.go:382.49,386.3 3 0
ai-gateway-ce/pkg/server/admin.go:388.2,388.32 1 0
ai-gateway-ce/pkg/server/admin.go:392.52,395.47 3 0
ai-gateway-ce/pkg/server/admin.go:395.47,399.3 3 0
ai-gateway-ce/pkg/server/admin.go:402.2,409.26 2 0
ai-gateway-ce/pkg/server/admin.go:409.26,411.3 1 0
ai-gateway-ce/pkg/server/admin.go:413.2,413.55 1 0
ai-gateway-ce/pkg/server/admin.go:413.55,417.3 3 0
ai-gateway-ce/pkg/server/admin.go:420.2,420.54 1 0
ai-gateway-ce/pkg/server/admin.go:420.54,423.3 1 0
ai-gateway-ce/pkg/server/admin.go:425.2,425.36 1 0
ai-gateway-ce/pkg/server/admin.go:428.51,432.59 2 0
ai-gateway-ce/pkg/server/admin.go:432.59,436.3 3 0
ai-gateway-ce/pkg/server/admin.go:439.2,440.16 2 0
ai-gateway-ce/pkg/server/admin.go:440.16,444.3 3 0
ai-gateway-ce/pkg/server/admin.go:446.2,449.4 1 0
ai-gateway-ce/pkg/server/admin.go:452.56,458.16 5 0
ai-gateway-ce/pkg/server/admin.go:458.16,459.34 1 0
ai-gateway-ce/pkg/server/admin.go:459.34,462.4 2 0
ai-gateway-ce/pkg/server/admin.go:463.3,465.9 3 0
ai-gateway-ce/pkg/server/admin.go:468.2,469.68 2 0
ai-gateway-ce/pkg/server/admin.go:469.68,473.3 3 0
ai-gateway-ce/pkg/server/admin.go:476.2,477.31 2 0
ai-gateway-ce/pkg/server/admin.go:480.94,481.54 1 0
ai-gateway-ce/pkg/server/admin.go:481.54,483.3 1 0
ai-gateway-ce/pkg/server/admin.go:486.2,487.16 2 0
ai-gateway-ce/pkg/server/admin.go:487.16,489.3 1 0
ai-gateway-ce/pkg/server/admin.go:492.2,493.16 2 0
ai-gateway-ce/pkg/server/admin.go:493.16,495.3 1 0
ai-gateway-ce/pkg/server/admin.go:497.2,498.70 2 0
ai-gateway-ce/pkg/server/admin.go:498.70,500.3 1 0
ai-gateway-ce/pkg/server/admin.go:502.2,502.12 1 0
ai-gateway-ce/pkg/server/admin.go:505.96,506.38 1 0
ai-gateway-ce/pkg/server/admin.go:506.38,508.3 1 0
ai-gateway-ce/pkg/server/admin.go:510.2,518.8 1 0
ai-gateway-ce/pkg/server/admin.go:522.41,523.14 1 0
ai-gateway-ce/pkg/server/admin.go:523.14,525.3 1 0
ai-gateway-ce/pkg/server/admin.go:528.2,528.42 1 0
ai-gateway-ce/pkg/server/admin.go:528.42,530.3 1 0
ai-gateway-ce/pkg/server/admin.go:532.2,532.12 1 0
ai-gateway-ce/pkg/server/admin.go:535.98,537.29 2 0
ai-gateway-ce/pkg/server/admin.go:537.29,539.17 2 0
ai-gateway-ce/pkg/server/admin.go:539.17,541.4 1 0
ai-gateway-ce/pkg/server/admin.go:542.3,542.65 1 0
ai-gateway-ce/pkg/server/admin.go:542.65,544.4 1 0
ai-gateway-ce/pkg/server/admin.go:548.2,549.33 2 0
ai-gateway-ce/pkg/server/admin.go:549.33,551.22 2 0
ai-gateway-ce/pkg/server/admin.go:551.22,553.4 1 0
ai-gateway-ce/pkg/server/admin.go:556.2,571.8 1 0
ai-gateway-ce/pkg/server/admin.go:575.50,579.47 3 0
ai-gateway-ce/pkg/server/admin.go:579.47,583.3 3 0
ai-gateway-ce/pkg/server/admin.go:586.2,586.45 1 0
ai-gateway-ce/pkg/server/admin.go:586.45,590.3 3 0
ai-gateway-ce/pkg/server/admin.go:593.2,594.32 2 0
ai-gateway-ce/pkg/server/admin.go:594.32,596.3 1 0
ai-gateway-ce/pkg/server/admin.go:599.2,600.26 2 0
ai-gateway-ce/pkg/server/admin.go:600.26,602.3 1 0
ai-gateway-ce/pkg/server/admin.go:604.2,605.29 2 0
ai-gateway-ce/pkg/server/admin.go:605.29,607.3 1 0
ai-gateway-ce/pkg/server/admin.go:609.2,610.30 2 0
ai-gateway-ce/pkg/server/admin.go:610.30,612.3 1 0
ai-gateway-ce/pkg/server/admin.go:615.2,633.53 2 0
ai-gateway-ce/pkg/server/admin.go:633.53,637.3 3 0
ai-gateway-ce/pkg/server/admin.go:640.2,641.16 2 0
ai-gateway-ce/pkg/server/admin.go:641.16,645.3 3 0
ai-gateway-ce/pkg/server/admin.go:647.2,647.38 1 0
ai-gateway-ce/pkg/server/admin.go:650.49,655.16 3 0
ai-gateway-ce/pkg/server/admin.go:655.16,659.3 3 0
ai-gateway-ce/pkg/server/admin.go:662.2,663.31 2 0
ai-gateway-ce/pkg/server/admin.go:663.31,680.3 1 0
ai-gateway-ce/pkg/server/admin.go:683.2,684.16 2 0
ai-gateway-ce/pkg/server/admin.go:684.16,686.72 2 0
ai-gateway-ce/pkg/server/admin.go:686.72,688.4 1 0
ai-gateway-ce/pkg/server/admin.go:691.2,691.30 1 0
ai-gateway-ce/pkg/server/admin.go:694.50,699.47 4 0
ai-gateway-ce/pkg/server/admin.go:699.47,703.3 3 0
ai-gateway-ce/pkg/server/admin.go:706.2,718.53 2 0
ai-gateway-ce/pkg/server/admin.go:718.53,722.3 3 0
ai-gateway-ce/pkg/server/admin.go:725.2,727.16 3 0
ai-gateway-ce/pkg/server/admin.go:727.16,731.3 3 0
ai-gateway-ce/pkg/server/admin.go:733.2,734.66 2 0
ai-gateway-ce/pkg/server/admin.go:734.66,738.3 3 0
ai-gateway-ce/pkg/server/admin.go:741.2,742.29 2 0
ai-gateway-ce/pkg/server/admin.go:742.29,743.24 1 0
ai-gateway-ce/pkg/server/admin.go:743.24,744.22 1 0
ai-gateway-ce/pkg/server/admin.go:744.22,746.5 1 0
ai-gateway-ce/pkg/server/admin.go:747.4,747.28 1 0
ai-gateway-ce/pkg/server/admin.go:747.28,749.5 1 0
ai-gateway-ce/pkg/server/admin.go:750.4,750.26 1 0
ai-gateway-ce/pkg/server/admin.go:750.26,752.5 1 0
ai-gateway-ce/pkg/server/admin.go:753.4,753.28 1 0
ai-gateway-ce/pkg/server/admin.go:753.28,755.5 1 0
ai-gateway-ce/pkg/server/admin.go:756.4,756.25 1 0
ai-gateway-ce/pkg/server/admin.go:756.25,758.5 1 0
ai-gateway-ce/pkg/server/admin.go:759.4,759.31 1 0
ai-gateway-ce/pkg/server/admin.go:759.31,761.5 1 0
ai-gateway-ce/pkg/server/admin.go:762.4,762.32 1 0
ai-gateway-ce/pkg/server/admin.go:762.32,764.5 1 0
ai-gateway-ce/pkg/server/admin.go:765.4,765.30 1 0
ai-gateway-ce/pkg/server/admin.go:765.30,767.19 2 0
ai-gateway-ce/pkg/server/admin.go:767.19,771.6 3 0
ai-gateway-ce/pkg/server/admin.go:772.5,773.67 2 0
ai-gateway-ce/pkg/server/admin.go:773.67,777.6 3 0
ai-gateway-ce/pkg/server/admin.go:778.5,779.19 2 0
ai-gateway-ce/pkg/server/admin.go:779.19,783.6 3 0
ai-gateway-ce/pkg/server/admin.go:784.5,785.68 2 0
ai-gateway-ce/pkg/server/admin.go:785.68,789.6 3 0
ai-gateway-ce/pkg/server/admin.go:790.5,790.39 1 0
ai-gateway-ce/pkg/server/admin.go:792.4,793.9 2 0
ai-gateway-ce/pkg/server/admin.go:797.2,797.12 1 0
ai-gateway-ce/pkg/server/admin.go:797.12,800.3 2 0
ai-gateway-ce/pkg/server/admin.go:803.2,804.16 2 0
ai-gateway-ce/pkg/server/admin.go:804.16,808.3 3 0
ai-gateway-ce/pkg/server/admin.go:810.2,810.73 1 0
ai-gateway-ce/pkg/server/admin.go:810.73,814.3 3 0
ai-gateway-ce/pkg/server/admin.go:817.2,817.83 1 0
ai-gateway-ce/pkg/server/admin.go:817.83,819.3 1 0
ai-gateway-ce/pkg/server/admin.go:821.2,821.70 1 0
ai-gateway-ce/pkg/server/admin.go:824.50,831.16 5 0
ai-gateway-ce/pkg/server/admin.go:831.16,835.3 3 0
ai-gateway-ce/pkg/server/admin.go:837.2,838.66 2 0
ai-gateway-ce/pkg/server/admin.go:838.66,842.3 3 0
ai-gateway-ce/pkg/server/admin.go:845.2,847.29 3 0
ai-gateway-ce/pkg/server/admin.go:847.29,848.24 1 0
ai-gateway-ce/pkg/server/admin.go:848.24,850.12 2 0
ai-gateway-ce/pkg/server/admin.go:852.3,852.44 1 0
ai-gateway-ce/pkg/server/admin.go:855.2,855.12 1 0
ai-gateway-ce/pkg/server/admin.go:855.12,858.3 2 0
ai-gateway-ce/pkg/server/admin.go:861.2,862.16 2 0
ai-gateway-ce/pkg/server/admin.go:862.16,866.3 3 0
ai-gateway-ce/pkg/server/admin.go:868.2,868.73 1 0
ai-gateway-ce/pkg/server/admin.go:868.73,872.3 3 0
ai-gateway-ce/pkg/server/admin.go:875.2,875.83 1 0
ai-gateway-ce/pkg/server/admin.go:875.83,877.3 1 0
ai-gateway-ce/pkg/server/admin.go:879.2,879.70 1 0
ai-gateway-ce/pkg/server/admin.go:883.52,889.47 4 0
ai-gateway-ce/pkg/server/admin.go:889.47,893.3 3 0
ai-gateway-ce/pkg/server/admin.go:895.2,895.73 1 0
ai-gateway-ce/pkg/server/admin.go:898.73,900.28 2 0
ai-gateway-ce/pkg/server/admin.go:900.28,902.3 1 0
ai-gateway-ce/pkg/server/admin.go:903.2,903.15 1 0
ai-gateway-ce/pkg/server/admin.go:906.85,911.58 2 0
ai-gateway-ce/pkg/server/admin.go:911.58,913.3 1 0
ai-gateway-ce/pkg/server/admin.go:915.2,915.56 1 0
ai-gateway-ce/pkg/server/admin.go:915.56,917.3 1 0
ai-gateway-ce/pkg/server/admin.go:919.2,919.57 1 0
ai-gateway-ce/pkg/server/admin.go:919.57,921.3 1 0
ai-gateway-ce/pkg/server/admin.go:924.2,924.67 1 0
ai-gateway-ce/pkg/server/admin.go:924.67,926.3 1 0
ai-gateway-ce/pkg/server/admin.go:928.2,928.12 1 0
ai-gateway-ce/pkg/server/admin.go:931.93,938.16 3 0
ai-gateway-ce/pkg/server/admin.go:938.16,940.3 1 0
ai-gateway-ce/pkg/server/admin.go:943.2,944.66 2 0
ai-gateway-ce/pkg/server/admin.go:947.73,949.21 1 0
ai-gateway-ce/pkg/server/admin.go:949.21,951.3 1 0
ai-gateway-ce/pkg/server/admin.go:953.2,953.28 1 0
ai-gateway-ce/pkg/server/admin.go:953.28,955.3 1 0
ai-gateway-ce/pkg/server/admin.go:957.2,957.26 1 0
ai-gateway-ce/pkg/server/admin.go:957.26,959.3 1 0
ai-gateway-ce/pkg/server/admin.go:962.2,971.38 2 0
ai-gateway-ce/pkg/server/admin.go:971.38,972.45 1 0
ai-gateway-ce/pkg/server/admin.go:972.45,974.4 1 0
ai-gateway-ce/pkg/server/admin.go:978.2,978.31 1 0
ai-gateway-ce/pkg/server/admin.go:978.31,979.43 1 0
ai-gateway-ce/pkg/server/admin.go:979.43,980.51 1 0
ai-gateway-ce/pkg/server/admin.go:980.51,982.5 1 0
ai-gateway-ce/pkg/server/admin.go:986.2,986.12 1 0
ai-gateway-ce/pkg/server/admin.go:989.71,991.23 1 0
ai-gateway-ce/pkg/server/admin.go:991.23,993.3 1 0
ai-gateway-ce/pkg/server/admin.go:995.2,995.24 1 0
ai-gateway-ce/pkg/server/admin.go:995.24,997.3 1 0
ai-gateway-ce/pkg/server/admin.go:1000.2,1000.28 1 0
ai-gateway-ce/pkg/server/admin.go:1000.28,1002.3 1 0
ai-gateway-ce/pkg/server/admin.go:1005.2,1011.32 2 0
ai-gateway-ce/pkg/server/admin.go:1011.32,1013.3 1 0
ai-gateway-ce/pkg/server/admin.go:1016.2,1016.50 1 0
ai-gateway-ce/pkg/server/admin.go:1016.50,1018.3 1 0
ai-gateway-ce/pkg/server/admin.go:1021.2,1022.68 2 0
ai-gateway-ce/pkg/server/admin.go:1022.68,1024.3 1 0
ai-gateway-ce/pkg/server/admin.go:1025.2,1025.12 1 0
ai-gateway-ce/pkg/server/admin.go:1029.54,1033.52 3 0
ai-gateway-ce/pkg/server/admin.go:1033.52,1036.3 2 0
ai-gateway-ce/pkg/server/admin.go:1038.2,1040.78 2 0
ai-gateway-ce/pkg/server/admin.go:1040.78,1044.3 3 0
ai-gateway-ce/pkg/server/admin.go:1047.2,1047.88 1 0
ai-gateway-ce/pkg/server/admin.go:1047.88,1049.3 1 0
ai-gateway-ce/pkg/server/admin.go:1051.2,1051.38 1 0
ai-gateway-ce/pkg/server/admin.go:1054.53,1059.53 4 0
ai-gateway-ce/pkg/server/admin.go:1059.53,1060.54 1 0
ai-gateway-ce/pkg/server/admin.go:1060.54,1062.4 1 0
ai-gateway-ce/pkg/server/admin.go:1064.2,1064.50 1 0
ai-gateway-ce/pkg/server/admin.go:1064.50,1065.78 1 0
ai-gateway-ce/pkg/server/admin.go:1065.78,1067.4 1 0
ai-gateway-ce/pkg/server/admin.go:1071.2,1072.86 2 0
ai-gateway-ce/pkg/server/admin.go:1072.86,1074.75 2 0
ai-gateway-ce/pkg/server/admin.go:1074.75,1077.4 2 0
ai-gateway-ce/pkg/server/admin.go:1081.2,1082.16 2 0
ai-gateway-ce/pkg/server/admin.go:1082.16,1086.3 3 0
ai-gateway-ce/pkg/server/admin.go:1089.2,1089.63 1 0
ai-gateway-ce/pkg/server/admin.go:1089.63,1090.98 1 0
ai-gateway-ce/pkg/server/admin.go:1090.98,1092.4 1 0
ai-gateway-ce/pkg/server/admin.go:1095.2,1095.34 1 0
ai-gateway-ce/pkg/server/admin.go:1098.51,1104.84 4 0
ai-gateway-ce/pkg/server/admin.go:1104.84,1106.73 2 0
ai-gateway-ce/pkg/server/admin.go:1106.73,1109.4 2 0
ai-gateway-ce/pkg/server/admin.go:1113.2,1114.16 2 0
ai-gateway-ce/pkg/server/admin.go:1114.16,1117.3 2 0
ai-gateway-ce/pkg/server/admin.go:1120.2,1120.87 1 0
ai-gateway-ce/pkg/server/admin.go:1120.87,1122.3 1 0
ai-gateway-ce/pkg/server/admin.go:1124.2,1124.33 1 0
ai-gateway-ce/pkg/server/admin.go:1127.54,1132.52 4 0
ai-gateway-ce/pkg/server/admin.go:1132.52,1135.3 2 0
ai-gateway-ce/pkg/server/admin.go:1138.2,1141.78 3 0
ai-gateway-ce/pkg/server/admin.go:1141.78,1145.3 3 0
ai-gateway-ce/pkg/server/admin.go:1148.2,1148.88 1 0
ai-gateway-ce/pkg/server/admin.go:1148.88,1150.3 1 0
ai-gateway-ce/pkg/server/admin.go:1152.2,1152.33 1 0
ai-gateway-ce/pkg/server/admin.go:1155.54,1159.79 3 0
ai-gateway-ce/pkg/server/admin.go:1159.79,1160.53 1 0
ai-gateway-ce/pkg/server/admin.go:1160.53,1163.4 2 0
ai-gateway-ce/pkg/server/admin.go:1164.3,1166.9 3 0
ai-gateway-ce/pkg/server/admin.go:1170.2,1172.73 3 0
ai-gateway-ce/pkg/server/admin.go:1172.73,1174.3 1 0
ai-gateway-ce/pkg/server/admin.go:1175.2,1175.74 1 0
ai-gateway-ce/pkg/server/admin.go:1175.74,1177.3 1 0
ai-gateway-ce/pkg/server/admin.go:1179.2,1179.32 1 0
ai-gateway-ce/pkg/server/admin.go:1183.53,1187.51 3 0
ai-gateway-ce/pkg/server/admin.go:1187.51,1190.3 2 0
ai-gateway-ce/pkg/server/admin.go:1192.2,1194.76 2 0
ai-gateway-ce/pkg/server/admin.go:1194.76,1198.3 3 0
ai-gateway-ce/pkg/server/admin.go:1201.2,1201.86 1 0
ai-gateway-ce/pkg/server/admin.go:1201.86,1203.3 1 0
ai-gateway-ce/pkg/server/admin.go:1205.2,1205.37 1 0
ai-gateway-ce/pkg/server/admin.go:1208.52,1213.53 4 0
ai-gateway-ce/pkg/server/admin.go:1213.53,1214.54 1 0
ai-gateway-ce/pkg/server/admin.go:1214.54,1216.4 1 0
ai-gateway-ce/pkg/server/admin.go:1218.2,1218.50 1 0
ai-gateway-ce/pkg/server/admin.go:1218.50,1219.78 1 0
ai-gateway-ce/pkg/server/admin.go:1219.78,1221.4 1 0
ai-gateway-ce/pkg/server/admin.go:1224.2,1225.16 2 0
ai-gateway-ce/pkg/server/admin.go:1225.16,1229.3 3 0
ai-gateway-ce/pkg/server/admin.go:1231.2,1231.33 1 0
ai-gateway-ce/pkg/server/admin.go:1234.50,1240.82 4 0
ai-gateway-ce/pkg/server/admin.go:1240.82,1242.71 2 0
ai-gateway-ce/pkg/server/admin.go:1242.71,1245.4 2 0
ai-gateway-ce/pkg/server/admin.go:1249.2,1250.16 2 0
ai-gateway-ce/pkg/server/admin.go:1250.16,1253.3 2 0
ai-gateway-ce/pkg/server/admin.go:1256.2,1256.85 1 0
ai-gateway-ce/pkg/server/admin.go:1256.85,1258.3 1 0
ai-gateway-ce/pkg/server/admin.go:1260.2,1260.32 1 0
ai-gateway-ce/pkg/server/admin.go:1263.53,1268.51 4 0
ai-gateway-ce/pkg/server/admin.go:1268.51,1271.3 2 0
ai-gateway-ce/pkg/server/admin.go:1274.2,1277.76 3 0
ai-gateway-ce/pkg/server/admin.go:1277.76,1281.3 3 0
ai-gateway-ce/pkg/server/admin.go:1284.2,1284.86 1 0
ai-gateway-ce/pkg/server/admin.go:1284.86,1286.3 1 0
ai-gateway-ce/pkg/server/admin.go:1288.2,1288.32 1 0
ai-gateway-ce/pkg/server/admin.go:1291.53,1295.77 3 0
ai-gateway-ce/pkg/server/admin.go:1295.77,1296.53 1 0
ai-gateway-ce/pkg/server/admin.go:1296.53,1299.4 2 0
ai-gateway-ce/pkg/server/admin.go:1300.3,1302.9 3 0
ai-gateway-ce/pkg/server/admin.go:1306.2,1308.72 3 0
ai-gateway-ce/pkg/server/admin.go:1308.72,1310.3 1 0
ai-gateway-ce/pkg/server/admin.go:1311.2,1311.73 1 0
ai-gateway-ce/pkg/server/admin.go:1311.73,1313.3 1 0
ai-gateway-ce/pkg/server/admin.go:1315.2,1315.32 1 0
ai-gateway-ce/pkg/server/fasthttp.go:20.27,22.4 1 0
ai-gateway-ce/pkg/server/json.go:10.13,11.71 1 0
ai-gateway-ce/pkg/server/json.go:11.71,13.3 1 0
ai-gateway-ce/pkg/server/pipeline.go:18.66,27.2 1 0
ai-gateway-ce/pkg/server/pipeline.go:29.35,30.33 1 0
ai-gateway-ce/pkg/server/pipeline.go:30.33,32.3 1 0
ai-gateway-ce/pkg/server/pipeline.go:35.36,36.30 1 0
ai-gateway-ce/pkg/server/pipeline.go:36.30,38.48 2 0
ai-gateway-ce/pkg/server/pipeline.go:38.48,40.12 2 0
ai-gateway-ce/pkg/server/pipeline.go:42.3,42.22 1 0
ai-gateway-ce/pkg/server/pipeline.go:46.76,49.2 2 0
ai-gateway-ce/pkg/server/pipeline.go:51.34,54.2 2 0
ai-gateway-ce/pkg/server/proxy_server.go:56.78,58.18 2 0
ai-gateway-ce/pkg/server/proxy_server.go:58.18,61.3 2 0
ai-gateway-ce/pkg/server/proxy_server.go:62.2,63.9 2 0
ai-gateway-ce/pkg/server/proxy_server.go:63.9,66.3 2 0
ai-gateway-ce/pkg/server/proxy_server.go:67.2,67.20 1 0
ai-gateway-ce/pkg/server/proxy_server.go:71.77,73.9 2 0
ai-gateway-ce/pkg/server/proxy_server.go:73.9,75.3 1 0
ai-gateway-ce/pkg/server/proxy_server.go:76.2,76.18 1 0
ai-gateway-ce/pkg/server/proxy_server.go:79.183,103.38 7 0
ai-gateway-ce/pkg/server/proxy_server.go:103.38,104.56 1 0
ai-gateway-ce/pkg/server/proxy_server.go:104.56,109.4 1 0
ai-gateway-ce/pkg/server/proxy_server.go:113.2,115.10 2 0
ai-gateway-ce/pkg/server/proxy_server.go:118.47,120.2 1 0
ai-gateway-ce/pkg/server/proxy_server.go:122.35,130.37 3 0
[...]
ai-gateway-ce/pkg/server/proxy_server.go:1250.46,1251.22 1 0
ai-gateway-ce/pkg/server/proxy_server.go:1251.22,1253.6 1 0
ai-gateway-ce/pkg/server/proxy_server.go:1254.5,1254.29 1 0
ai-gateway-ce/pkg/server/proxy_server.go:1254.29,1256.6 1 0
ai-gateway-ce/pkg/server/proxy_server.go:1258.5,1258.68 1 0
ai-gateway-ce/pkg/server/proxy_server.go:1258.68,1260.14 2 0
ai-gateway-ce/pkg/server/proxy_server.go:1262.5,1262.60 1 0
ai-gateway-ce/pkg/server/proxy_server.go:1264.4,1264.62 1 0
ai-gateway-ce/pkg/server/proxy_server.go:1266.11,1268.62 1 0
ai-gateway-ce/pkg/server/proxy_server.go:1268.62,1269.51 1 0
ai-gateway-ce/pkg/server/proxy_server.go:1269.51,1270.30 1 0
ai-gateway-ce/pkg/server/proxy_server.go:1270.30,1272.7 1 0
ai-gateway-ce/pkg/server/proxy_server.go:1273.6,1274.14 2 0
ai-gateway-ce/pkg/server/proxy_server.go:1276.5,1276.57 1 0
ai-gateway-ce/pkg/server/proxy_server.go:1278.4,1278.65 1 0
ai-gateway-ce/pkg/server/proxy_server.go:1282.2,1282.40 1 0
ai-gateway-ce/pkg/server/proxy_server.go:1286.86,1294.47 2 0
ai-gateway-ce/pkg/server/proxy_server.go:1294.47,1297.33 3 0
ai-gateway-ce/pkg/server/proxy_server.go:1297.33,1299.4 1 0
ai-gateway-ce/pkg/server/proxy_server.go:1300.3,1300.55 1 0
ai-gateway-ce/pkg/server/proxy_server.go:1303.2,1303.17 1 0
ai-gateway-ce/pkg/server/proxy_server.go:1306.105,1307.18 1 0
ai-gateway-ce/pkg/server/proxy_server.go:1307.18,1310.3 2 0
ai-gateway-ce/pkg/server/proxy_server.go:1311.2,1315.55 2 0
ai-gateway-ce/pkg/server/proxy_server.go:1315.55,1324.3 2 0
ai-gateway-ce/pkg/server/proxy_server.go:1327.2,1327.53 1 0
ai-gateway-ce/pkg/server/proxy_server.go:1327.53,1328.37 1 0
ai-gateway-ce/pkg/server/proxy_server.go:1328.37,1332.4 3 0
ai-gateway-ce/pkg/server/proxy_server.go:1332.9,1332.60 1 0
ai-gateway-ce/pkg/server/proxy_server.go:1332.60,1335.58 2 0
ai-gateway-ce/pkg/server/proxy_server.go:1335.58,1338.5 2 0
ai-gateway-ce/pkg/server/proxy_server.go:1341.4,1345.18 3 0
ai-gateway-ce/pkg/server/proxy_server.go:1345.18,1348.5 2 0
ai-gateway-ce/pkg/server/proxy_server.go:1350.4,1350.24 1 0
ai-gateway-ce/pkg/server/server.go:29.13,34.2 2 0
ai-gateway-ce/pkg/server/server.go:36.125,50.2 3 0
ai-gateway-ce/pkg/server/server.go:53.41,54.47 1 0
ai-gateway-ce/pkg/server/server.go:54.47,59.3 1 0
ai-gateway-ce/pkg/server/server.go:63.43,65.2 1 0
ai-gateway-ce/pkg/server/server.go:68.51,70.24 1 0
ai-gateway-ce/pkg/server/server.go:70.24,72.3 1 0
ai-gateway-ce/pkg/server/server.go:73.2,73.27 1 0
ai-gateway-ce/pkg/config/config.go:49.19,59.45 6 1
ai-gateway-ce/pkg/config/config.go:59.45,61.3 1 0
ai-gateway-ce/pkg/config/config.go:64.2,64.55 1 1
ai-gateway-ce/pkg/config/config.go:64.55,66.3 1 0
ai-gateway-ce/pkg/config/config.go:67.2,71.16 3 1
ai-gateway-ce/pkg/config/config.go:71.16,73.3 1 0
ai-gateway-ce/pkg/config/config.go:74.2,76.12 2 1
ai-gateway-ce/pkg/config/config.go:80.20,91.2 8 1
ai-gateway-ce/pkg/config/config.go:94.26,96.2 1 1
ai-gateway-ce/pkg/config/config.go:99.41,101.2 1 0
ai-gateway-ce/pkg/config/config.go:104.37,106.2 1 0
ai-gateway-ce/pkg/config/config.go:109.35,111.2 1 0
ai-gateway-ce/pkg/config/providers.go:42.53,44.16 2 1
ai-gateway-ce/pkg/config/providers.go:44.16,46.3 1 0
ai-gateway-ce/pkg/config/providers.go:48.2,49.54 2 1
ai-gateway-ce/pkg/config/providers.go:49.54,51.3 1 0
ai-gateway-ce/pkg/config/providers.go:53.2,53.21 1 1
ai-gateway-ce/pkg/config/providers.go:57.62,59.16 2 0
ai-gateway-ce/pkg/config/providers.go:59.16,61.3 1 0
ai-gateway-ce/pkg/config/providers.go:63.2,64.13 2 0
ai-gateway-ce/pkg/config/providers.go:64.13,66.3 1 0
ai-gateway-ce/pkg/config/providers.go:68.2,68.23 1 0
ai-gateway-ce/pkg/cache/api_keys.go:13.71,16.16 3 0
ai-gateway-ce/pkg/cache/api_keys.go:16.16,17.23 1 0
ai-gateway-ce/pkg/cache/api_keys.go:17.23,19.4 1 0
ai-gateway-ce/pkg/cache/api_keys.go:20.3,20.18 1 0
ai-gateway-ce/pkg/cache/api_keys.go:23.2,24.60 2 0
ai-gateway-ce/pkg/cache/api_keys.go:24.60,26.3 1 0
ai-gateway-ce/pkg/cache/api_keys.go:28.2,28.18 1 0
ai-gateway-ce/pkg/cache/api_keys.go:31.63,33.16 2 0
ai-gateway-ce/pkg/cache/api_keys.go:33.16,35.3 1 0
ai-gateway-ce/pkg/cache/api_keys.go:37.2,37.16 1 0
ai-gateway-ce/pkg/cache/api_keys.go:37.16,39.3 1 0
ai-gateway-ce/pkg/cache/api_keys.go:41.2,42.75 2 0
ai-gateway-ce/pkg/cache/api_keys.go:45.77,48.16 2 0
ai-gateway-ce/pkg/cache/api_keys.go:48.16,50.3 1 0
ai-gateway-ce/pkg/cache/api_keys.go:53.2,53.27 1 0
ai-gateway-ce/pkg/cache/api_keys.go:53.27,54.24 1 0
ai-gateway-ce/pkg/cache/api_keys.go:54.24,56.4 1 0
ai-gateway-ce/pkg/cache/api_keys.go:59.2,59.17 1 0
ai-gateway-ce/pkg/cache/api_keys.go:62.75,65.16 2 0
ai-gateway-ce/pkg/cache/api_keys.go:65.16,67.3 1 0
ai-gateway-ce/pkg/cache/api_keys.go:70.2,74.16 3 0
ai-gateway-ce/pkg/cache/api_keys.go:74.16,76.3 1 0
ai-gateway-ce/pkg/cache/api_keys.go:78.2,79.61 2 0
ai-gateway-ce/pkg/cache/cache.go:39.71,52.2 2 0
ai-gateway-ce/pkg/cache/cache.go:54.70,55.45 1 0
ai-gateway-ce/pkg/cache/cache.go:55.45,57.17 2 0
ai-gateway-ce/pkg/cache/cache.go:57.17,59.4 1 0
ai-gateway-ce/pkg/cache/cache.go:60.3,60.18 1 0
ai-gateway-ce/pkg/cache/cache.go:62.2,62.40 1 0
ai-gateway-ce/pkg/cache/cache.go:65.100,66.72 1 0
ai-gateway-ce/pkg/cache/cache.go:66.72,68.3 1 0
ai-gateway-ce/pkg/cache/cache.go:69.2,70.12 2 0
ai-gateway-ce/pkg/cache/cache.go:73.63,74.53 1 0
ai-gateway-ce/pkg/cache/cache.go:74.53,76.3 1 0
ai-gateway-ce/pkg/cache/cache.go:77.2,78.12 2 0
ai-gateway-ce/pkg/cache/cache.go:81.40,83.2 1 0
ai-gateway-ce/pkg/cache/cache.go:85.77,89.2 3 0
ai-gateway-ce/pkg/cache/cache.go:91.55,92.43 1 0
ai-gateway-ce/pkg/cache/cache.go:92.43,94.17 2 0
ai-gateway-ce/pkg/cache/cache.go:94.17,96.4 1 0
ai-gateway-ce/pkg/cache/cache.go:97.3,97.16 1 0
ai-gateway-ce/pkg/cache/cache.go:99.2,99.12 1 0
ai-gateway-ce/pkg/cache/cache.go:103.102,107.16 3 0
ai-gateway-ce/pkg/cache/cache.go:107.16,109.3 1 0
ai-gateway-ce/pkg/cache/cache.go:110.2,110.73 1 0
ai-gateway-ce/pkg/cache/cache.go:110.73,112.3 1 0
ai-gateway-ce/pkg/cache/cache.go:115.2,116.36 2 0
ai-gateway-ce/pkg/cache/cache.go:119.99,123.16 3 0
ai-gateway-ce/pkg/cache/cache.go:123.16,125.3 1 0
ai-gateway-ce/pkg/cache/cache.go:126.2,126.71 1 0
ai-gateway-ce/pkg/cache/cache.go:126.71,128.3 1 0
ai-gateway-ce/pkg/cache/cache.go:131.2,132.35 2 0
ai-gateway-ce/pkg/cache/cache.go:135.56,137.9 2 0
ai-gateway-ce/pkg/cache/cache.go:137.9,139.3 1 0
ai-gateway-ce/pkg/cache/cache.go:140.2,140.17 1 0
ai-gateway-ce/pkg/cache/cache.go:143.64,145.9 2 0
ai-gateway-ce/pkg/cache/cache.go:145.9,147.3 1 0
ai-gateway-ce/pkg/cache/cache.go:148.2,148.20 1 0
ai-gateway-ce/pkg/common/common_types.go:46.43,51.2 1 0
ai-gateway-ce/pkg/common/common_types.go:54.54,59.50 4 0
ai-gateway-ce/pkg/common/common_types.go:59.50,62.3 2 0
ai-gateway-ce/pkg/common/common_types.go:63.2,63.26 1 0
ai-gateway-ce/pkg/common/common_types.go:67.53,75.2 3 0
ai-gateway-ce/pkg/common/common_types.go:78.37,82.2 3 0
ai-gateway-ce/pkg/common/common_types.go:100.74,101.45 1 0
ai-gateway-ce/pkg/common/common_types.go:101.45,103.10 2 0
ai-gateway-ce/pkg/common/common_types.go:103.10,105.4 1 0
ai-gateway-ce/pkg/common/common_types.go:106.3,106.18 1 0
ai-gateway-ce/pkg/common/common_types.go:108.2,108.45 1 0
ai-gateway-ce/pkg/common/common_types.go:112.104,113.77 1 0
ai-gateway-ce/pkg/common/common_types.go:113.77,115.3 1 0
ai-gateway-ce/pkg/common/common_types.go:116.2,117.12 2 0
ai-gateway-ce/pkg/common/common_types.go:121.44,123.2 1 0
ai-gateway-ce/pkg/common/common_types.go:126.47,132.2 1 0
ai-gateway-ce/pkg/models/api_key.go:18.34,20.2 1 0
ai-gateway-ce/pkg/models/forwarding_rule.go:29.43,30.18 1 0
ai-gateway-ce/pkg/models/forwarding_rule.go:30.18,32.3 1 0
ai-gateway-ce/pkg/models/forwarding_rule.go:34.2,34.23 1 0
ai-gateway-ce/pkg/models/forwarding_rule.go:34.23,36.3 1 0
ai-gateway-ce/pkg/models/forwarding_rule.go:38.2,38.25 1 0
ai-gateway-ce/pkg/models/forwarding_rule.go:38.25,40.3 1 0
ai-gateway-ce/pkg/models/forwarding_rule.go:42.2,47.35 2 0
ai-gateway-ce/pkg/models/forwarding_rule.go:47.35,48.28 1 0
ai-gateway-ce/pkg/models/forwarding_rule.go:48.28,50.4 1 0
ai-gateway-ce/pkg/models/forwarding_rule.go:53.2,53.12 1 0
ai-gateway-ce/pkg/models/forwarding_rule.go:57.58,59.16 1 0
ai-gateway-ce/pkg/models/forwarding_rule.go:59.16,61.3 1 0
ai-gateway-ce/pkg/models/forwarding_rule.go:64.2,69.26 4 0
ai-gateway-ce/pkg/models/forwarding_rule.go:69.26,70.32 1 0
ai-gateway-ce/pkg/models/forwarding_rule.go:70.32,71.33 1 0
ai-gateway-ce/pkg/models/forwarding_rule.go:71.33,73.5 1 0
ai-gateway-ce/pkg/models/forwarding_rule.go:78.2,78.21 1 0
ai-gateway-ce/pkg/models/forwarding_rule.go:82.58,87.26 2 0
ai-gateway-ce/pkg/models/forwarding_rule.go:87.26,88.32 1 0
ai-gateway-ce/pkg/models/forwarding_rule.go:88.32,89.33 1 0
ai-gateway-ce/pkg/models/forwarding_rule.go:89.33,91.5 1 0
ai-gateway-ce/pkg/models/forwarding_rule.go:96.2,96.21 1 0
ai-gateway-ce/pkg/models/gateway.go:21.51,22.16 1 0
ai-gateway-ce/pkg/models/gateway.go:22.16,24.3 1 0
ai-gateway-ce/pkg/models/gateway.go:26.2,30.30 4 0
ai-gateway-ce/pkg/models/gateway.go:30.30,31.36 1 0
ai-gateway-ce/pkg/models/gateway.go:31.36,32.37 1 0
ai-gateway-ce/pkg/models/gateway.go:32.37,34.5 1 0
ai-gateway-ce/pkg/models/gateway.go:38.2,38.21 1 0
ai-gateway-ce/pkg/models/gateway.go:41.51,44.30 2 0
ai-gateway-ce/pkg/models/gateway.go:44.30,45.36 1 0
ai-gateway-ce/pkg/models/gateway.go:45.36,46.37 1 0
ai-gateway-ce/pkg/models/gateway.go:46.37,48.5 1 0
ai-gateway-ce/pkg/models/gateway.go:52.2,52.21 1 0
ai-gateway-ce/pkg/models/gateway.go:55.36,56.18 1 0
ai-gateway-ce/pkg/models/gateway.go:56.18,58.3 1 0
ai-gateway-ce/pkg/models/gateway.go:60.2,60.23 1 0
ai-gateway-ce/pkg/models/gateway.go:60.23,62.3 1 0
ai-gateway-ce/pkg/models/gateway.go:64.2,64.20 1 0
ai-gateway-ce/pkg/models/gateway.go:64.20,66.3 1 0
ai-gateway-ce/pkg/models/gateway.go:68.2,68.30 1 0
ai-gateway-ce/pkg/models/gateway.go:68.30,69.44 1 0
ai-gateway-ce/pkg/models/gateway.go:69.44,70.25 1 0
ai-gateway-ce/pkg/models/gateway.go:70.25,72.5 1 0
ai-gateway-ce/pkg/models/gateway.go:76.2,76.12 1 0
ai-gateway-ce/pkg/models/gateway.go:79.38,81.2 1 0
ai-gateway-ce/pkg/models/health_check.go:17.40,18.21 1 0
ai-gateway-ce/pkg/models/health_check.go:18.21,20.3 1 0
ai-gateway-ce/pkg/models/health_check.go:21.2,21.22 1 0
ai-gateway-ce/pkg/models/health_check.go:21.22,23.3 1 0
ai-gateway-ce/pkg/models/health_check.go:24.2,24.12 1 0
ai-gateway-ce/pkg/models/health_check.go:27.52,29.2 1 0
ai-gateway-ce/pkg/models/health_check.go:31.53,32.18 1 0
ai-gateway-ce/pkg/models/health_check.go:32.18,34.3 1 0
ai-gateway-ce/pkg/models/health_check.go:35.2,36.9 2 0
ai-gateway-ce/pkg/models/health_check.go:36.9,38.3 1 0
ai-gateway-ce/pkg/models/health_check.go:39.2,39.33 1 0
ai-gateway-ce/pkg/models/service.go:42.51,43.16 1 0
ai-gateway-ce/pkg/models/service.go:43.16,45.3 1 0
ai-gateway-ce/pkg/models/service.go:46.2,46.21 1 0
ai-gateway-ce/pkg/models/service.go:49.51,52.2 2 0
ai-gateway-ce/pkg/models/service.go:54.36,55.18 1 0
ai-gateway-ce/pkg/models/service.go:55.18,57.3 1 0
ai-gateway-ce/pkg/models/service.go:60.2,64.25 2 0
ai-gateway-ce/pkg/models/service.go:64.25,66.3 1 0
ai-gateway-ce/pkg/models/service.go:69.2,69.24 1 0
ai-gateway-ce/pkg/models/service.go:69.24,70.19 1 0
ai-gateway-ce/pkg/models/service.go:70.19,72.4 1 0
ai-gateway-ce/pkg/models/service.go:73.3,73.36 1 0
ai-gateway-ce/pkg/models/service.go:73.36,75.4 1 0
ai-gateway-ce/pkg/models/service.go:76.3,76.52 1 0
ai-gateway-ce/pkg/models/service.go:76.52,78.4 1 0
ai-gateway-ce/pkg/models/service.go:79.8,81.74 1 0
ai-gateway-ce/pkg/models/service.go:81.74,83.4 1 0
ai-gateway-ce/pkg/models/service.go:86.2,86.12 1 0
ai-gateway-ce/pkg/models/types.go:20.52,21.14 1 0
ai-gateway-ce/pkg/models/types.go:21.14,23.3 1 0
ai-gateway-ce/pkg/models/types.go:24.2,24.24 1 0
ai-gateway-ce/pkg/models/types.go:27.53,28.18 1 0
ai-gateway-ce/pkg/models/types.go:28.18,31.3 2 0
ai-gateway-ce/pkg/models/types.go:32.2,33.9 2 0
ai-gateway-ce/pkg/models/types.go:33.9,35.3 1 0
ai-gateway-ce/pkg/models/types.go:36.2,36.33 1 0
ai-gateway-ce/pkg/models/types.go:40.52,41.14 1 0
ai-gateway-ce/pkg/models/types.go:41.14,43.3 1 0
ai-gateway-ce/pkg/models/types.go:44.2,44.24 1 0
ai-gateway-ce/pkg/models/types.go:47.53,48.18 1 0
ai-gateway-ce/pkg/models/types.go:48.18,51.3 2 0
ai-gateway-ce/pkg/models/types.go:52.2,53.9 2 0
ai-gateway-ce/pkg/models/types.go:53.9,55.3 1 0
ai-gateway-ce/pkg/models/types.go:56.2,56.33 1 0
ai-gateway-ce/pkg/models/types.go:60.56,61.14 1 0
ai-gateway-ce/pkg/models/types.go:61.14,63.3 1 0
ai-gateway-ce/pkg/models/types.go:64.2,64.24 1 0
ai-gateway-ce/pkg/models/types.go:67.57,68.18 1 0
ai-gateway-ce/pkg/models/types.go:68.18,71.3 2 0
ai-gateway-ce/pkg/models/types.go:72.2,73.9 2 0
ai-gateway-ce/pkg/models/types.go:73.9,75.3 1 0
ai-gateway-ce/pkg/models/types.go:76.2,76.33 1 0
ai-gateway-ce/pkg/models/types.go:80.56,82.2 1 0
ai-gateway-ce/pkg/models/types.go:84.57,85.18 1 0
ai-gateway-ce/pkg/models/types.go:85.18,87.3 1 0
ai-gateway-ce/pkg/models/types.go:88.2,89.9 2 0
ai-gateway-ce/pkg/models/types.go:89.9,91.3 1 0
ai-gateway-ce/pkg/models/types.go:92.2,92.33 1 0
ai-gateway-ce/pkg/models/types.go:96.49,97.14 1 0
ai-gateway-ce/pkg/models/types.go:97.14,99.3 1 0
ai-gateway-ce/pkg/models/types.go:100.2,100.24 1 0
ai-gateway-ce/pkg/models/types.go:103.50,104.18 1 0
ai-gateway-ce/pkg/models/types.go:104.18,107.3 2 0
ai-gateway-ce/pkg/models/types.go:108.2,109.9 2 0
ai-gateway-ce/pkg/models/types.go:109.9,111.3 1 0
ai-gateway-ce/pkg/models/types.go:112.2,112.33 1 0
ai-gateway-ce/pkg/models/upstream.go:33.51,34.14 1 0
ai-gateway-ce/pkg/models/upstream.go:34.14,36.3 1 0
ai-gateway-ce/pkg/models/upstream.go:37.2,37.24 1 0
ai-gateway-ce/pkg/models/upstream.go:40.52,41.18 1 0
ai-gateway-ce/pkg/models/upstream.go:41.18,44.3 2 0
ai-gateway-ce/pkg/models/upstream.go:45.2,46.9 2 0
ai-gateway-ce/pkg/models/upstream.go:46.9,48.3 1 0
ai-gateway-ce/pkg/models/upstream.go:49.2,49.33 1 0
ai-gateway-ce/pkg/models/upstream.go:55.56,56.17 1 0
ai-gateway-ce/pkg/models/upstream.go:56.17,58.3 1 0
ai-gateway-ce/pkg/models/upstream.go:59.2,59.24 1 0
ai-gateway-ce/pkg/models/upstream.go:62.57,63.18 1 0
ai-gateway-ce/pkg/models/upstream.go:63.18,66.3 2 0
ai-gateway-ce/pkg/models/upstream.go:68.2,69.9 2 0
ai-gateway-ce/pkg/models/upstream.go:69.9,71.3 1 0
ai-gateway-ce/pkg/models/upstream.go:74.2,75.53 2 0
ai-gateway-ce/pkg/models/upstream.go:75.53,77.3 1 0
ai-gateway-ce/pkg/models/upstream.go:79.2,79.26 1 0
ai-gateway-ce/pkg/models/upstream.go:80.21,81.34 1 0
ai-gateway-ce/pkg/models/upstream.go:82.30,85.41 2 0
ai-gateway-ce/pkg/models/upstream.go:86.10,87.51 1 0
ai-gateway-ce/pkg/models/upstream.go:104.43,105.18 1 0
ai-gateway-ce/pkg/models/upstream.go:105.18,107.3 1 0
ai-gateway-ce/pkg/models/upstream.go:109.2,109.22 1 0
ai-gateway-ce/pkg/models/upstream.go:109.22,110.34 1 0
ai-gateway-ce/pkg/models/upstream.go:110.34,112.4 1 0
ai-gateway-ce/pkg/models/upstream.go:113.3,114.40 2 0
ai-gateway-ce/pkg/models/upstream.go:114.40,116.4 1 0
ai-gateway-ce/pkg/models/upstream.go:117.3,117.25 1 0
ai-gateway-ce/pkg/models/upstream.go:117.25,119.4 1 0
ai-gateway-ce/pkg/models/upstream.go:120.3,120.27 1 0
ai-gateway-ce/pkg/models/upstream.go:120.27,122.4 1 0
ai-gateway-ce/pkg/models/upstream.go:123.3,123.73 1 0
ai-gateway-ce/pkg/models/upstream.go:123.73,125.4 1 0
ai-gateway-ce/pkg/models/upstream.go:126.8,126.25 1 0
ai-gateway-ce/pkg/models/upstream.go:126.25,127.36 1 0
ai-gateway-ce/pkg/models/upstream.go:127.36,129.4 1 0
ai-gateway-ce/pkg/models/upstream.go:130.3,130.52 1 0
ai-gateway-ce/pkg/models/upstream.go:130.52,132.4 1 0
ai-gateway-ce/pkg/models/upstream.go:133.8,135.3 1 0
ai-gateway-ce/pkg/models/upstream.go:137.2,137.12 1 0
ai-gateway-ce/pkg/models/upstream.go:140.52,141.16 1 0
ai-gateway-ce/pkg/models/upstream.go:141.16,143.3 1 0
ai-gateway-ce/pkg/models/upstream.go:144.2,144.27 1 0
ai-gateway-ce/pkg/models/upstream.go:144.27,145.28 1 0
ai-gateway-ce/pkg/models/upstream.go:145.28,147.4 1 0
ai-gateway-ce/pkg/models/upstream.go:149.2,149.21 1 0
ai-gateway-ce/pkg/models/upstream.go:152.52,155.2 2 0
ai-gateway-ce/pkg/models/upstream.go:157.37,158.18 1 0
ai-gateway-ce/pkg/models/upstream.go:158.18,160.3 1 0
ai-gateway-ce/pkg/models/upstream.go:162.2,162.25 1 0
ai-gateway-ce/pkg/models/upstream.go:162.25,164.3 1 0
ai-gateway-ce/pkg/models/upstream.go:166.2,172.35 2 0
ai-gateway-ce/pkg/models/upstream.go:172.35,174.3 1 0
ai-gateway-ce/pkg/models/upstream.go:176.2,176.35 1 0
ai-gateway-ce/pkg/models/upstream.go:176.35,177.43 1 0
ai-gateway-ce/pkg/models/upstream.go:177.43,179.4 1 0
ai-gateway-ce/pkg/models/upstream.go:182.2,182.27 1 0
ai-gateway-ce/pkg/models/upstream.go:182.27,183.51 1 0
ai-gateway-ce/pkg/models/upstream.go:183.51,185.4 1 0
ai-gateway-ce/pkg/models/upstream.go:188.2,188.12 1 0
ai-gateway-ce/pkg/types/mapper.go:17.88,18.28 1 0
ai-gateway-ce/pkg/types/mapper.go:18.28,20.3 1 0
ai-gateway-ce/pkg/types/mapper.go:22.2,23.39 2 0
ai-gateway-ce/pkg/types/mapper.go:23.39,25.19 2 0
ai-gateway-ce/pkg/types/mapper.go:25.19,27.22 2 0
ai-gateway-ce/pkg/types/mapper.go:27.22,29.5 1 0
ai-gateway-ce/pkg/types/mapper.go:30.4,30.42 1 0
ai-gateway-ce/pkg/types/mapper.go:33.2,33.15 1 0
ai-gateway-ce/pkg/types/mapper.go:36.74,40.29 3 0
ai-gateway-ce/pkg/types/mapper.go:40.29,41.24 1 0
ai-gateway-ce/pkg/types/mapper.go:41.24,43.4 1 0
ai-gateway-ce/pkg/types/mapper.go:45.3,45.61 1 0
ai-gateway-ce/pkg/types/mapper.go:45.61,47.4 1 0
ai-gateway-ce/pkg/types/mapper.go:47.9,49.4 1 0
ai-gateway-ce/pkg/types/mapper.go:51.2,51.12 1 0
ai-gateway-ce/pkg/types/mapper.go:54.81,58.29 3 0
ai-gateway-ce/pkg/types/mapper.go:58.29,59.24 1 0
ai-gateway-ce/pkg/types/mapper.go:59.24,62.4 2 0
ai-gateway-ce/pkg/types/mapper.go:64.3,64.61 1 0
ai-gateway-ce/pkg/types/mapper.go:64.61,66.4 1 0
ai-gateway-ce/pkg/types/mapper.go:66.9,70.4 3 0
ai-gateway-ce/pkg/types/models.go:62.67,63.16 1 0
ai-gateway-ce/pkg/types/models.go:63.16,65.3 1 0
ai-gateway-ce/pkg/types/plugin.go:54.38,56.2 1 0
ai-gateway-ce/pkg/types/types.go:46.77,47.28 1 0
ai-gateway-ce/pkg/types/types.go:48.12,49.34 1 0
ai-gateway-ce/pkg/types/types.go:50.12,51.34 1 0
ai-gateway-ce/pkg/types/types.go:52.12,53.52 1 0
ai-gateway-ce/pkg/types/types.go:54.13,55.53 1 0
ai-gateway-ce/pkg/types/types.go:56.12,57.52 1 0
ai-gateway-ce/pkg/types/types.go:58.13,59.53 1 0
ai-gateway-ce/pkg/types/types.go:60.18,61.47 1 0
ai-gateway-ce/pkg/types/types.go:62.22,63.48 1 0
ai-gateway-ce/pkg/types/types.go:64.16,65.22 1 0
ai-gateway-ce/pkg/types/types.go:66.20,67.22 1 0
ai-gateway-ce/pkg/types/types.go:68.10,69.15 1 0
ai-gateway-ce/pkg/types/types.go:74.43,77.23 2 0
ai-gateway-ce/pkg/types/types.go:78.11,79.22 1 0
ai-gateway-ce/pkg/types/types.go:80.13,81.22 1 0
ai-gateway-ce/pkg/types/types.go:82.13,83.22 1 0
ai-gateway-ce/pkg/types/types.go:84.15,85.22 1 0
ai-gateway-ce/pkg/types/types.go:86.15,87.13 1 0
ai-gateway-ce/pkg/types/types.go:88.10,89.11 1 0
ai-gateway-ce/pkg/types/types.go:92.2,92.23 1 0
ai-gateway-ce/pkg/types/types.go:93.11,94.22 1 0
ai-gateway-ce/pkg/types/types.go:95.13,96.22 1 0
ai-gateway-ce/pkg/types/types.go:97.13,98.22 1 0
ai-gateway-ce/pkg/types/types.go:99.15,100.22 1 0
ai-gateway-ce/pkg/types/types.go:101.15,102.13 1 0
ai-gateway-ce/pkg/types/types.go:103.10,104.11 1 0
ai-gateway-ce/pkg/types/types.go:107.2,107.21 1 0
ai-gateway-ce/pkg/types/types.go:107.21,109.3 1 0
ai-gateway-ce/pkg/types/types.go:110.2,110.21 1 0
ai-gateway-ce/pkg/types/types.go:110.21,112.3 1 0
ai-gateway-ce/pkg/types/types.go:113.2,113.10 1 0
ai-gateway-ce/pkg/types/types.go:116.57,117.27 1 0
ai-gateway-ce/pkg/types/types.go:118.14,120.10 2 0
ai-gateway-ce/pkg/types/types.go:120.10,122.4 1 0
ai-gateway-ce/pkg/types/types.go:123.3,123.40 1 0
ai-gateway-ce/pkg/types/types.go:124.21,125.26 1 0
ai-gateway-ce/pkg/types/types.go:125.26,126.27 1 0
ai-gateway-ce/pkg/types/types.go:126.27,128.5 1 0
ai-gateway-ce/pkg/types/types.go:130.30,131.26 1 0
ai-gateway-ce/pkg/types/types.go:131.26,132.27 1 0
ai-gateway-ce/pkg/types/types.go:132.27,134.5 1 0
ai-gateway-ce/pkg/types/types.go:137.2,137.14 1 0
